Using pre-set license
Built from '2021.3/staging' branch; Version is '2021.3.9f1 (ad3870b89536) revision 11352176'; Using compiler version '192829333'; Build Type 'Release'
OS: 'Windows 10  (10.0.19045) 64bit Core' Language: 'en' Physical Memory: 16223 MB
BatchMode: 1, IsHumanControllingUs: 0, StartBugReporterOnCrash: 0, Is64bit: 1, IsPro: 1

COMMAND LINE ARGUMENTS:
D:\2021.3.9f1\Editor\Unity.exe
-adb2
-batchMode
-noUpm
-name
AssetImportWorker0
-projectPath
C:/Users/eduar/Documents/GitHub/DV-Game-Jam
-logFile
Logs/AssetImportWorker0.log
-srvPort
53848
Successfully changed project path to: C:/Users/eduar/Documents/GitHub/DV-Game-Jam
C:/Users/eduar/Documents/GitHub/DV-Game-Jam
[UnityMemory] Configuration Parameters - Can be set up in boot.config
    "memorysetup-bucket-allocator-granularity=16"
    "memorysetup-bucket-allocator-bucket-count=8"
    "memorysetup-bucket-allocator-block-size=33554432"
    "memorysetup-bucket-allocator-block-count=8"
    "memorysetup-main-allocator-block-size=16777216"
    "memorysetup-thread-allocator-block-size=16777216"
    "memorysetup-gfx-main-allocator-block-size=16777216"
    "memorysetup-gfx-thread-allocator-block-size=16777216"
    "memorysetup-cache-allocator-block-size=4194304"
    "memorysetup-typetree-allocator-block-size=2097152"
    "memorysetup-profiler-bucket-allocator-granularity=16"
    "memorysetup-profiler-bucket-allocator-bucket-count=8"
    "memorysetup-profiler-bucket-allocator-block-size=33554432"
    "memorysetup-profiler-bucket-allocator-block-count=8"
    "memorysetup-profiler-allocator-block-size=16777216"
    "memorysetup-profiler-editor-allocator-block-size=1048576"
    "memorysetup-temp-allocator-size-main=16777216"
    "memorysetup-job-temp-allocator-block-size=2097152"
    "memorysetup-job-temp-allocator-block-size-background=1048576"
    "memorysetup-job-temp-allocator-reduction-small-platforms=262144"
    "memorysetup-temp-allocator-size-background-worker=32768"
    "memorysetup-temp-allocator-size-job-worker=262144"
    "memorysetup-temp-allocator-size-preload-manager=33554432"
    "memorysetup-temp-allocator-size-nav-mesh-worker=65536"
    "memorysetup-temp-allocator-size-audio-worker=65536"
    "memorysetup-temp-allocator-size-cloud-worker=32768"
    "memorysetup-temp-allocator-size-gi-baking-worker=262144"
    "memorysetup-temp-allocator-size-gfx=262144"
Refreshing native plugins compatible for Editor in 78.36 ms, found 3 plugins.
Preloading 0 native plugins for Editor in 0.00 ms.
Initialize engine version: 2021.3.9f1 (ad3870b89536)
[Subsystems] Discovering subsystems at path D:/2021.3.9f1/Editor/Data/Resources/UnitySubsystems
[Subsystems] Discovering subsystems at path C:/Users/eduar/Documents/GitHub/DV-Game-Jam/Assets
GfxDevice: creating device client; threaded=0; jobified=0
Direct3D:
    Version:  Direct3D 11.0 [level 11.1]
    Renderer: NVIDIA GeForce GTX 1660 Ti (ID=0x2191)
    Vendor:   NVIDIA
    VRAM:     5979 MB
    Driver:   31.0.15.2802
Initialize mono
Mono path[0] = 'D:/2021.3.9f1/Editor/Data/Managed'
Mono path[1] = 'D:/2021.3.9f1/Editor/Data/MonoBleedingEdge/lib/mono/unityjit-win32'
Mono config path = 'D:/2021.3.9f1/Editor/Data/MonoBleedingEdge/etc'
Using monoOptions --debugger-agent=transport=dt_socket,embedding=1,server=y,suspend=n,address=127.0.0.1:56444
Begin MonoManager ReloadAssembly
Registering precompiled unity dll's ...
Register platform support module: D:/2021.3.9f1/Editor/Data/PlaybackEngines/WebGLSupport/UnityEditor.WebGL.Extensions.dll
Register platform support module: D:/2021.3.9f1/Editor/Data/PlaybackEngines/WindowsStandaloneSupport/UnityEditor.WindowsStandalone.Extensions.dll
Registered in 0.003484 seconds.
Native extension for WindowsStandalone target not found
Native extension for WebGL target not found
Refreshing native plugins compatible for Editor in 80.75 ms, found 3 plugins.
Preloading 0 native plugins for Editor in 0.00 ms.
Mono: successfully reloaded assembly
- Completed reload, in  0.693 seconds
Domain Reload Profiling:
	ReloadAssembly (693ms)
		BeginReloadAssembly (100ms)
			ExecutionOrderSort (0ms)
			DisableScriptedObjects (0ms)
			BackupInstance (0ms)
			ReleaseScriptingObjects (0ms)
			CreateAndSetChildDomain (1ms)
		EndReloadAssembly (489ms)
			LoadAssemblies (101ms)
			RebuildTransferFunctionScriptingTraits (0ms)
			SetupTypeCache (122ms)
			ReleaseScriptCaches (0ms)
			RebuildScriptCaches (29ms)
			SetupLoadedEditorAssemblies (288ms)
				LogAssemblyErrors (0ms)
				InitializePlatformSupportModulesInManaged (7ms)
				SetLoadedEditorAssemblies (0ms)
				RefreshPlugins (81ms)
				BeforeProcessingInitializeOnLoad (1ms)
				ProcessInitializeOnLoadAttributes (143ms)
				ProcessInitializeOnLoadMethodAttributes (55ms)
				AfterProcessingInitializeOnLoad (0ms)
				EditorAssembliesLoaded (0ms)
			ExecutionOrderSort2 (0ms)
			AwakeInstancesAfterBackupRestoration (0ms)
Platform modules already initialized, skipping
Registering precompiled user dll's ...
Registered in 0.008186 seconds.
Begin MonoManager ReloadAssembly
Symbol file LoadedFromMemory doesn't match image C:\Users\eduar\Documents\GitHub\DV-Game-Jam\Library\PackageCache\com.unity.visualscripting@1.7.8\Editor\VisualScripting.Core\Dependencies\YamlDotNet\Unity.VisualScripting.YamlDotNet.dll
Symbol file LoadedFromMemory doesn't match image C:\Users\eduar\Documents\GitHub\DV-Game-Jam\Library\PackageCache\com.unity.visualscripting@1.7.8\Editor\VisualScripting.Core\Dependencies\DotNetZip\Unity.VisualScripting.IonicZip.dll
Native extension for WindowsStandalone target not found
Native extension for WebGL target not found
Refreshing native plugins compatible for Editor in 0.54 ms, found 3 plugins.
Preloading 0 native plugins for Editor in 0.00 ms.
Mono: successfully reloaded assembly
- Completed reload, in  1.114 seconds
Domain Reload Profiling:
	ReloadAssembly (1115ms)
		BeginReloadAssembly (138ms)
			ExecutionOrderSort (0ms)
			DisableScriptedObjects (6ms)
			BackupInstance (0ms)
			ReleaseScriptingObjects (0ms)
			CreateAndSetChildDomain (20ms)
		EndReloadAssembly (860ms)
			LoadAssemblies (112ms)
			RebuildTransferFunctionScriptingTraits (0ms)
			SetupTypeCache (290ms)
			ReleaseScriptCaches (1ms)
			RebuildScriptCaches (64ms)
			SetupLoadedEditorAssemblies (373ms)
				LogAssemblyErrors (0ms)
				InitializePlatformSupportModulesInManaged (5ms)
				SetLoadedEditorAssemblies (1ms)
				RefreshPlugins (1ms)
				BeforeProcessingInitializeOnLoad (80ms)
				ProcessInitializeOnLoadAttributes (251ms)
				ProcessInitializeOnLoadMethodAttributes (32ms)
				AfterProcessingInitializeOnLoad (3ms)
				EditorAssembliesLoaded (0ms)
			ExecutionOrderSort2 (0ms)
			AwakeInstancesAfterBackupRestoration (11ms)
Platform modules already initialized, skipping
========================================================================
Worker process is ready to serve import requests
Launched and connected shader compiler UnityShaderCompiler.exe after 0.18 seconds
Refreshing native plugins compatible for Editor in 0.93 ms, found 3 plugins.
Preloading 0 native plugins for Editor in 0.00 ms.
Unloading 3440 Unused Serialized files (Serialized files now loaded: 0)
Unloading 25 unused Assets / (55.8 KB). Loaded Objects now: 3900.
Memory consumption went from 120.9 MB to 120.9 MB.
Total: 3.549100 ms (FindLiveObjects: 0.274300 ms CreateObjectMapping: 0.229700 ms MarkObjects: 2.968400 ms  DeleteObjects: 0.075800 ms)

AssetImportParameters requested are different than current active one (requested -> active):
  custom:video-decoder-ogg-theora: a1e56fd34408186e4bbccfd4996cb3dc -> 
  custom:container-muxer-webm: aa71ff27fc2769a1b78a27578f13a17b -> 
  custom:container-demuxer-webm: 4f35f7cbe854078d1ac9338744f61a02 -> 
  custom:video-encoder-webm-vp8: eb34c28f22e8b96e1ab97ce403110664 -> 
  custom:audio-encoder-webm-vorbis: bf7c407c2cedff20999df2af8eb42d56 -> 
  custom:framework-win-MediaFoundation: 216162199b28c13a410421893ffa2e32 -> 
  custom:container-demuxer-ogg: 62fdf1f143b41e24485cea50d1cbac27 -> 
  custom:video-decoder-webm-vp8: 9c59270c3fd7afecdb556c50c9e8de78 -> 
  custom:audio-decoder-ogg-vorbis: bf7c407c2cedff20999df2af8eb42d56 -> 
========================================================================
Received Import Request.
  Time since last request: 4721.443243 seconds.
  path: Assets/Scenes
  artifactKey: Guid(6ea315d0fd7389c41b19996891e99ae3) Importer(815301076,1909f56bfc062723c751e8b465ee728b)
Start importing Assets/Scenes using Guid(6ea315d0fd7389c41b19996891e99ae3) Importer(815301076,1909f56bfc062723c751e8b465ee728b)  -> (artifact id: 'b8193726cff86800c54781cdc6d54904') in 0.007291 seconds 
========================================================================
Received Import Request.
  Time since last request: 0.074866 seconds.
  path: Assets/AddOns
  artifactKey: Guid(135444db9f48d03499d1c098d7925fc6) Importer(815301076,1909f56bfc062723c751e8b465ee728b)
Start importing Assets/AddOns using Guid(135444db9f48d03499d1c098d7925fc6) Importer(815301076,1909f56bfc062723c751e8b465ee728b)  -> (artifact id: '486c7af7575a7d7248e69952cf6d9d61') in 0.002732 seconds 
========================================================================
Received Import Request.
  Time since last request: 0.000025 seconds.
  path: Assets/AddOns/Mg3D_Food/Watermelon.fbx
  artifactKey: Guid(7977e423937da9b48aac1866c67bb5be) Importer(815301076,1909f56bfc062723c751e8b465ee728b)
Start importing Assets/AddOns/Mg3D_Food/Watermelon.fbx using Guid(7977e423937da9b48aac1866c67bb5be) Importer(815301076,1909f56bfc062723c751e8b465ee728b)  -> (artifact id: '33f71387bbda2685251edcab81fd69ac') in 5.971600 seconds 
========================================================================
Received Prepare
Registering precompiled user dll's ...
Registered in 0.009113 seconds.
Begin MonoManager ReloadAssembly
Symbol file LoadedFromMemory doesn't match image C:\Users\eduar\Documents\GitHub\DV-Game-Jam\Library\PackageCache\com.unity.visualscripting@1.7.8\Editor\VisualScripting.Core\Dependencies\YamlDotNet\Unity.VisualScripting.YamlDotNet.dll
Symbol file LoadedFromMemory doesn't match image C:\Users\eduar\Documents\GitHub\DV-Game-Jam\Library\PackageCache\com.unity.visualscripting@1.7.8\Editor\VisualScripting.Core\Dependencies\DotNetZip\Unity.VisualScripting.IonicZip.dll
Native extension for WindowsStandalone target not found
Native extension for WebGL target not found
Refreshing native plugins compatible for Editor in 0.62 ms, found 3 plugins.
Preloading 0 native plugins for Editor in 0.00 ms.
Mono: successfully reloaded assembly
- Completed reload, in  1.399 seconds
Domain Reload Profiling:
	ReloadAssembly (1399ms)
		BeginReloadAssembly (183ms)
			ExecutionOrderSort (0ms)
			DisableScriptedObjects (5ms)
			BackupInstance (0ms)
			ReleaseScriptingObjects (0ms)
			CreateAndSetChildDomain (42ms)
		EndReloadAssembly (1026ms)
			LoadAssemblies (134ms)
			RebuildTransferFunctionScriptingTraits (0ms)
			SetupTypeCache (450ms)
			ReleaseScriptCaches (1ms)
			RebuildScriptCaches (44ms)
			SetupLoadedEditorAssemblies (362ms)
				LogAssemblyErrors (0ms)
				InitializePlatformSupportModulesInManaged (20ms)
				SetLoadedEditorAssemblies (0ms)
				RefreshPlugins (1ms)
				BeforeProcessingInitializeOnLoad (66ms)
				ProcessInitializeOnLoadAttributes (237ms)
				ProcessInitializeOnLoadMethodAttributes (34ms)
				AfterProcessingInitializeOnLoad (3ms)
				EditorAssembliesLoaded (0ms)
			ExecutionOrderSort2 (0ms)
			AwakeInstancesAfterBackupRestoration (14ms)
Platform modules already initialized, skipping
Refreshing native plugins compatible for Editor in 2.43 ms, found 3 plugins.
Preloading 0 native plugins for Editor in 0.00 ms.
Unloading 3418 Unused Serialized files (Serialized files now loaded: 0)
Unloading 18 unused Assets / (24.7 KB). Loaded Objects now: 3946.
Memory consumption went from 123.9 MB to 123.9 MB.
Total: 27.211200 ms (FindLiveObjects: 0.269000 ms CreateObjectMapping: 0.172800 ms MarkObjects: 26.735100 ms  DeleteObjects: 0.033000 ms)

AssetImportParameters requested are different than current active one (requested -> active):
  custom:video-decoder-ogg-theora: a1e56fd34408186e4bbccfd4996cb3dc -> 
  custom:container-muxer-webm: aa71ff27fc2769a1b78a27578f13a17b -> 
  custom:container-demuxer-webm: 4f35f7cbe854078d1ac9338744f61a02 -> 
  custom:video-encoder-webm-vp8: eb34c28f22e8b96e1ab97ce403110664 -> 
  custom:audio-encoder-webm-vorbis: bf7c407c2cedff20999df2af8eb42d56 -> 
  custom:framework-win-MediaFoundation: 216162199b28c13a410421893ffa2e32 -> 
  custom:container-demuxer-ogg: 62fdf1f143b41e24485cea50d1cbac27 -> 
  custom:video-decoder-webm-vp8: 9c59270c3fd7afecdb556c50c9e8de78 -> 
  custom:audio-decoder-ogg-vorbis: bf7c407c2cedff20999df2af8eb42d56 -> 
========================================================================
Received Prepare
Registering precompiled user dll's ...
Registered in 0.012556 seconds.
Begin MonoManager ReloadAssembly
Symbol file LoadedFromMemory doesn't match image C:\Users\eduar\Documents\GitHub\DV-Game-Jam\Library\PackageCache\com.unity.visualscripting@1.7.8\Editor\VisualScripting.Core\Dependencies\YamlDotNet\Unity.VisualScripting.YamlDotNet.dll
Symbol file LoadedFromMemory doesn't match image C:\Users\eduar\Documents\GitHub\DV-Game-Jam\Library\PackageCache\com.unity.visualscripting@1.7.8\Editor\VisualScripting.Core\Dependencies\DotNetZip\Unity.VisualScripting.IonicZip.dll
Native extension for WindowsStandalone target not found
Native extension for WebGL target not found
Refreshing native plugins compatible for Editor in 1.32 ms, found 3 plugins.
Preloading 0 native plugins for Editor in 0.00 ms.
Mono: successfully reloaded assembly
- Completed reload, in  2.074 seconds
Domain Reload Profiling:
	ReloadAssembly (2076ms)
		BeginReloadAssembly (338ms)
			ExecutionOrderSort (0ms)
			DisableScriptedObjects (15ms)
			BackupInstance (0ms)
			ReleaseScriptingObjects (0ms)
			CreateAndSetChildDomain (72ms)
		EndReloadAssembly (1477ms)
			LoadAssemblies (231ms)
			RebuildTransferFunctionScriptingTraits (0ms)
			SetupTypeCache (492ms)
			ReleaseScriptCaches (1ms)
			RebuildScriptCaches (93ms)
			SetupLoadedEditorAssemblies (652ms)
				LogAssemblyErrors (0ms)
				InitializePlatformSupportModulesInManaged (20ms)
				SetLoadedEditorAssemblies (1ms)
				RefreshPlugins (2ms)
				BeforeProcessingInitializeOnLoad (157ms)
				ProcessInitializeOnLoadAttributes (422ms)
				ProcessInitializeOnLoadMethodAttributes (47ms)
				AfterProcessingInitializeOnLoad (4ms)
				EditorAssembliesLoaded (0ms)
			ExecutionOrderSort2 (0ms)
			AwakeInstancesAfterBackupRestoration (15ms)
Platform modules already initialized, skipping
Refreshing native plugins compatible for Editor in 3.92 ms, found 3 plugins.
Preloading 0 native plugins for Editor in 0.00 ms.
Unloading 3418 Unused Serialized files (Serialized files now loaded: 0)
Unloading 18 unused Assets / (24.6 KB). Loaded Objects now: 3949.
Memory consumption went from 123.9 MB to 123.9 MB.
Total: 12.821400 ms (FindLiveObjects: 0.516500 ms CreateObjectMapping: 0.320200 ms MarkObjects: 11.917800 ms  DeleteObjects: 0.065200 ms)

AssetImportParameters requested are different than current active one (requested -> active):
  custom:video-decoder-ogg-theora: a1e56fd34408186e4bbccfd4996cb3dc -> 
  custom:container-muxer-webm: aa71ff27fc2769a1b78a27578f13a17b -> 
  custom:container-demuxer-webm: 4f35f7cbe854078d1ac9338744f61a02 -> 
  custom:video-encoder-webm-vp8: eb34c28f22e8b96e1ab97ce403110664 -> 
  custom:audio-encoder-webm-vorbis: bf7c407c2cedff20999df2af8eb42d56 -> 
  custom:framework-win-MediaFoundation: 216162199b28c13a410421893ffa2e32 -> 
  custom:container-demuxer-ogg: 62fdf1f143b41e24485cea50d1cbac27 -> 
  custom:video-decoder-webm-vp8: 9c59270c3fd7afecdb556c50c9e8de78 -> 
  custom:audio-decoder-ogg-vorbis: bf7c407c2cedff20999df2af8eb42d56 -> 
========================================================================
Received Prepare
Registering precompiled user dll's ...
Registered in 0.012099 seconds.
Begin MonoManager ReloadAssembly
Symbol file LoadedFromMemory doesn't match image C:\Users\eduar\Documents\GitHub\DV-Game-Jam\Library\PackageCache\com.unity.visualscripting@1.7.8\Editor\VisualScripting.Core\Dependencies\YamlDotNet\Unity.VisualScripting.YamlDotNet.dll
Symbol file LoadedFromMemory doesn't match image C:\Users\eduar\Documents\GitHub\DV-Game-Jam\Library\PackageCache\com.unity.visualscripting@1.7.8\Editor\VisualScripting.Core\Dependencies\DotNetZip\Unity.VisualScripting.IonicZip.dll
Native extension for WindowsStandalone target not found
Native extension for WebGL target not found
Refreshing native plugins compatible for Editor in 0.56 ms, found 3 plugins.
Preloading 0 native plugins for Editor in 0.00 ms.
Mono: successfully reloaded assembly
- Completed reload, in  1.086 seconds
Domain Reload Profiling:
	ReloadAssembly (1087ms)
		BeginReloadAssembly (169ms)
			ExecutionOrderSort (0ms)
			DisableScriptedObjects (6ms)
			BackupInstance (0ms)
			ReleaseScriptingObjects (0ms)
			CreateAndSetChildDomain (34ms)
		EndReloadAssembly (812ms)
			LoadAssemblies (127ms)
			RebuildTransferFunctionScriptingTraits (0ms)
			SetupTypeCache (302ms)
			ReleaseScriptCaches (1ms)
			RebuildScriptCaches (38ms)
			SetupLoadedEditorAssemblies (334ms)
				LogAssemblyErrors (0ms)
				InitializePlatformSupportModulesInManaged (13ms)
				SetLoadedEditorAssemblies (0ms)
				RefreshPlugins (1ms)
				BeforeProcessingInitializeOnLoad (70ms)
				ProcessInitializeOnLoadAttributes (218ms)
				ProcessInitializeOnLoadMethodAttributes (30ms)
				AfterProcessingInitializeOnLoad (3ms)
				EditorAssembliesLoaded (0ms)
			ExecutionOrderSort2 (0ms)
			AwakeInstancesAfterBackupRestoration (11ms)
Platform modules already initialized, skipping
Refreshing native plugins compatible for Editor in 2.36 ms, found 3 plugins.
Preloading 0 native plugins for Editor in 0.00 ms.
Unloading 3418 Unused Serialized files (Serialized files now loaded: 0)
Unloading 18 unused Assets / (24.6 KB). Loaded Objects now: 3952.
Memory consumption went from 123.9 MB to 123.9 MB.
Total: 3.248600 ms (FindLiveObjects: 0.244100 ms CreateObjectMapping: 0.149000 ms MarkObjects: 2.834800 ms  DeleteObjects: 0.019800 ms)

AssetImportParameters requested are different than current active one (requested -> active):
  custom:video-decoder-ogg-theora: a1e56fd34408186e4bbccfd4996cb3dc -> 
  custom:container-muxer-webm: aa71ff27fc2769a1b78a27578f13a17b -> 
  custom:container-demuxer-webm: 4f35f7cbe854078d1ac9338744f61a02 -> 
  custom:video-encoder-webm-vp8: eb34c28f22e8b96e1ab97ce403110664 -> 
  custom:audio-encoder-webm-vorbis: bf7c407c2cedff20999df2af8eb42d56 -> 
  custom:framework-win-MediaFoundation: 216162199b28c13a410421893ffa2e32 -> 
  custom:container-demuxer-ogg: 62fdf1f143b41e24485cea50d1cbac27 -> 
  custom:video-decoder-webm-vp8: 9c59270c3fd7afecdb556c50c9e8de78 -> 
  custom:audio-decoder-ogg-vorbis: bf7c407c2cedff20999df2af8eb42d56 -> 
========================================================================
Received Prepare
Registering precompiled user dll's ...
Registered in 0.009632 seconds.
Begin MonoManager ReloadAssembly
Symbol file LoadedFromMemory doesn't match image C:\Users\eduar\Documents\GitHub\DV-Game-Jam\Library\PackageCache\com.unity.visualscripting@1.7.8\Editor\VisualScripting.Core\Dependencies\YamlDotNet\Unity.VisualScripting.YamlDotNet.dll
Symbol file LoadedFromMemory doesn't match image C:\Users\eduar\Documents\GitHub\DV-Game-Jam\Library\PackageCache\com.unity.visualscripting@1.7.8\Editor\VisualScripting.Core\Dependencies\DotNetZip\Unity.VisualScripting.IonicZip.dll
Native extension for WindowsStandalone target not found
Native extension for WebGL target not found
Refreshing native plugins compatible for Editor in 0.55 ms, found 3 plugins.
Preloading 0 native plugins for Editor in 0.00 ms.
Mono: successfully reloaded assembly
- Completed reload, in  1.083 seconds
Domain Reload Profiling:
	ReloadAssembly (1084ms)
		BeginReloadAssembly (170ms)
			ExecutionOrderSort (0ms)
			DisableScriptedObjects (9ms)
			BackupInstance (0ms)
			ReleaseScriptingObjects (0ms)
			CreateAndSetChildDomain (36ms)
		EndReloadAssembly (809ms)
			LoadAssemblies (121ms)
			RebuildTransferFunctionScriptingTraits (0ms)
			SetupTypeCache (320ms)
			ReleaseScriptCaches (1ms)
			RebuildScriptCaches (43ms)
			SetupLoadedEditorAssemblies (315ms)
				LogAssemblyErrors (0ms)
				InitializePlatformSupportModulesInManaged (12ms)
				SetLoadedEditorAssemblies (0ms)
				RefreshPlugins (1ms)
				BeforeProcessingInitializeOnLoad (62ms)
				ProcessInitializeOnLoadAttributes (212ms)
				ProcessInitializeOnLoadMethodAttributes (25ms)
				AfterProcessingInitializeOnLoad (3ms)
				EditorAssembliesLoaded (0ms)
			ExecutionOrderSort2 (0ms)
			AwakeInstancesAfterBackupRestoration (10ms)
Platform modules already initialized, skipping
Refreshing native plugins compatible for Editor in 2.22 ms, found 3 plugins.
Preloading 0 native plugins for Editor in 0.00 ms.
Unloading 3418 Unused Serialized files (Serialized files now loaded: 0)
Unloading 18 unused Assets / (24.7 KB). Loaded Objects now: 3955.
Memory consumption went from 123.9 MB to 123.9 MB.
Total: 4.375100 ms (FindLiveObjects: 0.237300 ms CreateObjectMapping: 0.138300 ms MarkObjects: 3.980100 ms  DeleteObjects: 0.018700 ms)

AssetImportParameters requested are different than current active one (requested -> active):
  custom:video-decoder-ogg-theora: a1e56fd34408186e4bbccfd4996cb3dc -> 
  custom:container-muxer-webm: aa71ff27fc2769a1b78a27578f13a17b -> 
  custom:container-demuxer-webm: 4f35f7cbe854078d1ac9338744f61a02 -> 
  custom:video-encoder-webm-vp8: eb34c28f22e8b96e1ab97ce403110664 -> 
  custom:audio-encoder-webm-vorbis: bf7c407c2cedff20999df2af8eb42d56 -> 
  custom:framework-win-MediaFoundation: 216162199b28c13a410421893ffa2e32 -> 
  custom:container-demuxer-ogg: 62fdf1f143b41e24485cea50d1cbac27 -> 
  custom:video-decoder-webm-vp8: 9c59270c3fd7afecdb556c50c9e8de78 -> 
  custom:audio-decoder-ogg-vorbis: bf7c407c2cedff20999df2af8eb42d56 -> 
========================================================================
Received Prepare
Registering precompiled user dll's ...
Registered in 0.007914 seconds.
Begin MonoManager ReloadAssembly
Symbol file LoadedFromMemory doesn't match image C:\Users\eduar\Documents\GitHub\DV-Game-Jam\Library\PackageCache\com.unity.visualscripting@1.7.8\Editor\VisualScripting.Core\Dependencies\YamlDotNet\Unity.VisualScripting.YamlDotNet.dll
Symbol file LoadedFromMemory doesn't match image C:\Users\eduar\Documents\GitHub\DV-Game-Jam\Library\PackageCache\com.unity.visualscripting@1.7.8\Editor\VisualScripting.Core\Dependencies\DotNetZip\Unity.VisualScripting.IonicZip.dll
Native extension for WindowsStandalone target not found
Native extension for WebGL target not found
Refreshing native plugins compatible for Editor in 0.80 ms, found 3 plugins.
Preloading 0 native plugins for Editor in 0.00 ms.
Mono: successfully reloaded assembly
- Completed reload, in  1.252 seconds
Domain Reload Profiling:
	ReloadAssembly (1252ms)
		BeginReloadAssembly (159ms)
			ExecutionOrderSort (0ms)
			DisableScriptedObjects (5ms)
			BackupInstance (0ms)
			ReleaseScriptingObjects (0ms)
			CreateAndSetChildDomain (34ms)
		EndReloadAssembly (986ms)
			LoadAssemblies (118ms)
			RebuildTransferFunctionScriptingTraits (0ms)
			SetupTypeCache (338ms)
			ReleaseScriptCaches (1ms)
			RebuildScriptCaches (50ms)
			SetupLoadedEditorAssemblies (429ms)
				LogAssemblyErrors (0ms)
				InitializePlatformSupportModulesInManaged (17ms)
				SetLoadedEditorAssemblies (1ms)
				RefreshPlugins (1ms)
				BeforeProcessingInitializeOnLoad (80ms)
				ProcessInitializeOnLoadAttributes (291ms)
				ProcessInitializeOnLoadMethodAttributes (35ms)
				AfterProcessingInitializeOnLoad (4ms)
				EditorAssembliesLoaded (0ms)
			ExecutionOrderSort2 (0ms)
			AwakeInstancesAfterBackupRestoration (14ms)
Platform modules already initialized, skipping
Refreshing native plugins compatible for Editor in 2.57 ms, found 3 plugins.
Preloading 0 native plugins for Editor in 0.00 ms.
Unloading 3418 Unused Serialized files (Serialized files now loaded: 0)
Unloading 18 unused Assets / (24.6 KB). Loaded Objects now: 3958.
Memory consumption went from 123.9 MB to 123.9 MB.
Total: 3.273100 ms (FindLiveObjects: 0.303400 ms CreateObjectMapping: 0.252400 ms MarkObjects: 2.692000 ms  DeleteObjects: 0.024400 ms)

AssetImportParameters requested are different than current active one (requested -> active):
  custom:video-decoder-ogg-theora: a1e56fd34408186e4bbccfd4996cb3dc -> 
  custom:container-muxer-webm: aa71ff27fc2769a1b78a27578f13a17b -> 
  custom:container-demuxer-webm: 4f35f7cbe854078d1ac9338744f61a02 -> 
  custom:video-encoder-webm-vp8: eb34c28f22e8b96e1ab97ce403110664 -> 
  custom:audio-encoder-webm-vorbis: bf7c407c2cedff20999df2af8eb42d56 -> 
  custom:framework-win-MediaFoundation: 216162199b28c13a410421893ffa2e32 -> 
  custom:container-demuxer-ogg: 62fdf1f143b41e24485cea50d1cbac27 -> 
  custom:video-decoder-webm-vp8: 9c59270c3fd7afecdb556c50c9e8de78 -> 
  custom:audio-decoder-ogg-vorbis: bf7c407c2cedff20999df2af8eb42d56 -> 
========================================================================
Received Import Request.
  Time since last request: 394.385277 seconds.
  path: Assets/AssetStoreAssets/school/Prefabs/road/doroga.prefab
  artifactKey: Guid(5b97ca6353ad429419598d36d1a55e6d) Importer(815301076,1909f56bfc062723c751e8b465ee728b)
Start importing Assets/AssetStoreAssets/school/Prefabs/road/doroga.prefab using Guid(5b97ca6353ad429419598d36d1a55e6d) Importer(815301076,1909f56bfc062723c751e8b465ee728b)  -> (artifact id: '9d7c7ef726945cf31005640e93129801') in 3.304740 seconds 
========================================================================
Received Import Request.
  Time since last request: 0.000023 seconds.
  path: Assets/AssetStoreAssets/school/Prefabs/road/floor1.prefab
  artifactKey: Guid(be4105263a3576a4a9d8bb22a5f5ca29) Importer(815301076,1909f56bfc062723c751e8b465ee728b)
Start importing Assets/AssetStoreAssets/school/Prefabs/road/floor1.prefab using Guid(be4105263a3576a4a9d8bb22a5f5ca29) Importer(815301076,1909f56bfc062723c751e8b465ee728b)  -> (artifact id: 'a917e01ae2c6a79602fd50142561ea34') in 0.033169 seconds 
========================================================================
Received Prepare
Registering precompiled user dll's ...
Registered in 0.007505 seconds.
Begin MonoManager ReloadAssembly
Symbol file LoadedFromMemory doesn't match image C:\Users\eduar\Documents\GitHub\DV-Game-Jam\Library\PackageCache\com.unity.visualscripting@1.7.8\Editor\VisualScripting.Core\Dependencies\YamlDotNet\Unity.VisualScripting.YamlDotNet.dll
Symbol file LoadedFromMemory doesn't match image C:\Users\eduar\Documents\GitHub\DV-Game-Jam\Library\PackageCache\com.unity.visualscripting@1.7.8\Editor\VisualScripting.Core\Dependencies\DotNetZip\Unity.VisualScripting.IonicZip.dll
Native extension for WindowsStandalone target not found
Native extension for WebGL target not found
Refreshing native plugins compatible for Editor in 0.49 ms, found 3 plugins.
Preloading 0 native plugins for Editor in 0.00 ms.
Mono: successfully reloaded assembly
- Completed reload, in  1.011 seconds
Domain Reload Profiling:
	ReloadAssembly (1012ms)
		BeginReloadAssembly (176ms)
			ExecutionOrderSort (0ms)
			DisableScriptedObjects (5ms)
			BackupInstance (0ms)
			ReleaseScriptingObjects (0ms)
			CreateAndSetChildDomain (39ms)
		EndReloadAssembly (747ms)
			LoadAssemblies (117ms)
			RebuildTransferFunctionScriptingTraits (0ms)
			SetupTypeCache (249ms)
			ReleaseScriptCaches (1ms)
			RebuildScriptCaches (36ms)
			SetupLoadedEditorAssemblies (329ms)
				LogAssemblyErrors (0ms)
				InitializePlatformSupportModulesInManaged (12ms)
				SetLoadedEditorAssemblies (0ms)
				RefreshPlugins (1ms)
				BeforeProcessingInitializeOnLoad (67ms)
				ProcessInitializeOnLoadAttributes (213ms)
				ProcessInitializeOnLoadMethodAttributes (31ms)
				AfterProcessingInitializeOnLoad (4ms)
				EditorAssembliesLoaded (0ms)
			ExecutionOrderSort2 (0ms)
			AwakeInstancesAfterBackupRestoration (14ms)
Platform modules already initialized, skipping
Refreshing native plugins compatible for Editor in 2.06 ms, found 3 plugins.
Preloading 0 native plugins for Editor in 0.00 ms.
Unloading 3418 Unused Serialized files (Serialized files now loaded: 0)
Unloading 18 unused Assets / (24.7 KB). Loaded Objects now: 3961.
Memory consumption went from 124.0 MB to 124.0 MB.
Total: 2.882100 ms (FindLiveObjects: 0.249500 ms CreateObjectMapping: 0.151700 ms MarkObjects: 2.460800 ms  DeleteObjects: 0.019200 ms)

AssetImportParameters requested are different than current active one (requested -> active):
  custom:video-decoder-ogg-theora: a1e56fd34408186e4bbccfd4996cb3dc -> 
  custom:container-muxer-webm: aa71ff27fc2769a1b78a27578f13a17b -> 
  custom:container-demuxer-webm: 4f35f7cbe854078d1ac9338744f61a02 -> 
  custom:video-encoder-webm-vp8: eb34c28f22e8b96e1ab97ce403110664 -> 
  custom:audio-encoder-webm-vorbis: bf7c407c2cedff20999df2af8eb42d56 -> 
  custom:framework-win-MediaFoundation: 216162199b28c13a410421893ffa2e32 -> 
  custom:container-demuxer-ogg: 62fdf1f143b41e24485cea50d1cbac27 -> 
  custom:video-decoder-webm-vp8: 9c59270c3fd7afecdb556c50c9e8de78 -> 
  custom:audio-decoder-ogg-vorbis: bf7c407c2cedff20999df2af8eb42d56 -> 
========================================================================
Received Prepare
Registering precompiled user dll's ...
Registered in 0.007633 seconds.
Begin MonoManager ReloadAssembly
Symbol file LoadedFromMemory doesn't match image C:\Users\eduar\Documents\GitHub\DV-Game-Jam\Library\PackageCache\com.unity.visualscripting@1.7.8\Editor\VisualScripting.Core\Dependencies\YamlDotNet\Unity.VisualScripting.YamlDotNet.dll
Symbol file LoadedFromMemory doesn't match image C:\Users\eduar\Documents\GitHub\DV-Game-Jam\Library\PackageCache\com.unity.visualscripting@1.7.8\Editor\VisualScripting.Core\Dependencies\DotNetZip\Unity.VisualScripting.IonicZip.dll
Native extension for WindowsStandalone target not found
Native extension for WebGL target not found
Refreshing native plugins compatible for Editor in 0.55 ms, found 3 plugins.
Preloading 0 native plugins for Editor in 0.00 ms.
Mono: successfully reloaded assembly
- Completed reload, in  1.072 seconds
Domain Reload Profiling:
	ReloadAssembly (1073ms)
		BeginReloadAssembly (170ms)
			ExecutionOrderSort (0ms)
			DisableScriptedObjects (5ms)
			BackupInstance (0ms)
			ReleaseScriptingObjects (0ms)
			CreateAndSetChildDomain (37ms)
		EndReloadAssembly (814ms)
			LoadAssemblies (124ms)
			RebuildTransferFunctionScriptingTraits (0ms)
			SetupTypeCache (270ms)
			ReleaseScriptCaches (1ms)
			RebuildScriptCaches (38ms)
			SetupLoadedEditorAssemblies (368ms)
				LogAssemblyErrors (0ms)
				InitializePlatformSupportModulesInManaged (12ms)
				SetLoadedEditorAssemblies (0ms)
				RefreshPlugins (1ms)
				BeforeProcessingInitializeOnLoad (74ms)
				ProcessInitializeOnLoadAttributes (242ms)
				ProcessInitializeOnLoadMethodAttributes (36ms)
				AfterProcessingInitializeOnLoad (4ms)
				EditorAssembliesLoaded (0ms)
			ExecutionOrderSort2 (0ms)
			AwakeInstancesAfterBackupRestoration (14ms)
Platform modules already initialized, skipping
Refreshing native plugins compatible for Editor in 3.00 ms, found 3 plugins.
Preloading 0 native plugins for Editor in 0.00 ms.
Unloading 3418 Unused Serialized files (Serialized files now loaded: 0)
Unloading 18 unused Assets / (24.8 KB). Loaded Objects now: 3964.
Memory consumption went from 124.1 MB to 124.0 MB.
Total: 3.825400 ms (FindLiveObjects: 0.461000 ms CreateObjectMapping: 0.504100 ms MarkObjects: 2.832500 ms  DeleteObjects: 0.026700 ms)

AssetImportParameters requested are different than current active one (requested -> active):
  custom:video-decoder-ogg-theora: a1e56fd34408186e4bbccfd4996cb3dc -> 
  custom:container-muxer-webm: aa71ff27fc2769a1b78a27578f13a17b -> 
  custom:container-demuxer-webm: 4f35f7cbe854078d1ac9338744f61a02 -> 
  custom:video-encoder-webm-vp8: eb34c28f22e8b96e1ab97ce403110664 -> 
  custom:audio-encoder-webm-vorbis: bf7c407c2cedff20999df2af8eb42d56 -> 
  custom:framework-win-MediaFoundation: 216162199b28c13a410421893ffa2e32 -> 
  custom:container-demuxer-ogg: 62fdf1f143b41e24485cea50d1cbac27 -> 
  custom:video-decoder-webm-vp8: 9c59270c3fd7afecdb556c50c9e8de78 -> 
  custom:audio-decoder-ogg-vorbis: bf7c407c2cedff20999df2af8eb42d56 -> 
========================================================================
Received Import Request.
  Time since last request: 316.551323 seconds.
  path: Assets/AssetStoreAssets/school/Prefabs/props/a door1.prefab
  artifactKey: Guid(54fc4a62ccb7e304f910c5444e778f6b) Importer(815301076,1909f56bfc062723c751e8b465ee728b)
Start importing Assets/AssetStoreAssets/school/Prefabs/props/a door1.prefab using Guid(54fc4a62ccb7e304f910c5444e778f6b) Importer(815301076,1909f56bfc062723c751e8b465ee728b)  -> (artifact id: 'f4f6ddc839e8cbb8b46b8a901d0ac070') in 0.076347 seconds 
========================================================================
Received Import Request.
  Time since last request: 0.413581 seconds.
  path: Assets/AssetStoreAssets/school/Prefabs/props/a laptop.prefab
  artifactKey: Guid(ec15f5ae191975f4d8de236356aaec36) Importer(815301076,1909f56bfc062723c751e8b465ee728b)
Start importing Assets/AssetStoreAssets/school/Prefabs/props/a laptop.prefab using Guid(ec15f5ae191975f4d8de236356aaec36) Importer(815301076,1909f56bfc062723c751e8b465ee728b)  -> (artifact id: '081e35e29302dc7e7aea31a1186a24b3') in 0.015107 seconds 
========================================================================
Received Import Request.
  Time since last request: 0.000033 seconds.
  path: Assets/AssetStoreAssets/school/Prefabs/props/computer1.prefab
  artifactKey: Guid(8430fd56cfcb15941a1f31ea7f8f1915) Importer(815301076,1909f56bfc062723c751e8b465ee728b)
Start importing Assets/AssetStoreAssets/school/Prefabs/props/computer1.prefab using Guid(8430fd56cfcb15941a1f31ea7f8f1915) Importer(815301076,1909f56bfc062723c751e8b465ee728b)  -> (artifact id: 'de0e5dea831ba3cf41d73ab5704fb25f') in 0.014229 seconds 
========================================================================
Received Import Request.
  Time since last request: 0.000023 seconds.
  path: Assets/AssetStoreAssets/school/Prefabs/props/locker1.prefab
  artifactKey: Guid(7d65db92ee1ad5644a8177816885460b) Importer(815301076,1909f56bfc062723c751e8b465ee728b)
Start importing Assets/AssetStoreAssets/school/Prefabs/props/locker1.prefab using Guid(7d65db92ee1ad5644a8177816885460b) Importer(815301076,1909f56bfc062723c751e8b465ee728b)  -> (artifact id: 'a34751922ab3e45351542a2f44ecddab') in 0.031229 seconds 
========================================================================
Received Import Request.
  Time since last request: 0.000018 seconds.
  path: Assets/AssetStoreAssets/school/Prefabs/props/board2_2 1.prefab
  artifactKey: Guid(fe495e6bdadd4254199eb7ad0b26898d) Importer(815301076,1909f56bfc062723c751e8b465ee728b)
Start importing Assets/AssetStoreAssets/school/Prefabs/props/board2_2 1.prefab using Guid(fe495e6bdadd4254199eb7ad0b26898d) Importer(815301076,1909f56bfc062723c751e8b465ee728b)  -> (artifact id: 'fdaedb7460783414b6ff71a7004a7916') in 0.025736 seconds 
========================================================================
Received Import Request.
  Time since last request: 0.000022 seconds.
  path: Assets/AssetStoreAssets/school/Prefabs/props/board2_2.prefab
  artifactKey: Guid(f16c1a01fe11a1c4499b6704e5007d33) Importer(815301076,1909f56bfc062723c751e8b465ee728b)
Start importing Assets/AssetStoreAssets/school/Prefabs/props/board2_2.prefab using Guid(f16c1a01fe11a1c4499b6704e5007d33) Importer(815301076,1909f56bfc062723c751e8b465ee728b)  -> (artifact id: '15e43c7c68459195dc4aea269e03afdc') in 0.017983 seconds 
========================================================================
Received Import Request.
  Time since last request: 0.000021 seconds.
  path: Assets/AssetStoreAssets/school/Prefabs/props/book16.prefab
  artifactKey: Guid(c0acf536785cb4e4fba0b089e2ecd662) Importer(815301076,1909f56bfc062723c751e8b465ee728b)
Start importing Assets/AssetStoreAssets/school/Prefabs/props/book16.prefab using Guid(c0acf536785cb4e4fba0b089e2ecd662) Importer(815301076,1909f56bfc062723c751e8b465ee728b)  -> (artifact id: '45415abf7c633c0d533773512ae9bb05') in 0.011441 seconds 
========================================================================
Received Import Request.
  Time since last request: 0.000016 seconds.
  path: Assets/AssetStoreAssets/school/Prefabs/props/locker_1.prefab
  artifactKey: Guid(4af7da65169b48c47b3b86e7d6323744) Importer(815301076,1909f56bfc062723c751e8b465ee728b)
Start importing Assets/AssetStoreAssets/school/Prefabs/props/locker_1.prefab using Guid(4af7da65169b48c47b3b86e7d6323744) Importer(815301076,1909f56bfc062723c751e8b465ee728b)  -> (artifact id: 'ed89221cb4fa0f176f80ec2757e9cc3a') in 0.011677 seconds 
========================================================================
Received Import Request.
  Time since last request: 0.000015 seconds.
  path: Assets/AssetStoreAssets/school/Prefabs/props/locker_2.prefab
  artifactKey: Guid(62b11dd993aa50e42a0890a734908161) Importer(815301076,1909f56bfc062723c751e8b465ee728b)
Start importing Assets/AssetStoreAssets/school/Prefabs/props/locker_2.prefab using Guid(62b11dd993aa50e42a0890a734908161) Importer(815301076,1909f56bfc062723c751e8b465ee728b)  -> (artifact id: '53c89f91f568f8123e48044d8facdbef') in 0.011032 seconds 
========================================================================
Received Import Request.
  Time since last request: 0.000015 seconds.
  path: Assets/AssetStoreAssets/school/Prefabs/props/fire1.prefab
  artifactKey: Guid(4bc798f368a5f214ba2ad9cc17bc9b80) Importer(815301076,1909f56bfc062723c751e8b465ee728b)
Start importing Assets/AssetStoreAssets/school/Prefabs/props/fire1.prefab using Guid(4bc798f368a5f214ba2ad9cc17bc9b80) Importer(815301076,1909f56bfc062723c751e8b465ee728b)  -> (artifact id: 'f0d0345057ef4e6ba1c4f42024adcc25') in 0.011231 seconds 
========================================================================
Received Import Request.
  Time since last request: 0.000015 seconds.
  path: Assets/AssetStoreAssets/school/Prefabs/props/book14.prefab
  artifactKey: Guid(e14704938d821e14d8561c810691b64c) Importer(815301076,1909f56bfc062723c751e8b465ee728b)
Start importing Assets/AssetStoreAssets/school/Prefabs/props/book14.prefab using Guid(e14704938d821e14d8561c810691b64c) Importer(815301076,1909f56bfc062723c751e8b465ee728b)  -> (artifact id: '2108457ea291a47904d7b696f071156d') in 0.011251 seconds 
========================================================================
Received Import Request.
  Time since last request: 0.000019 seconds.
  path: Assets/AssetStoreAssets/school/Prefabs/props/book4.prefab
  artifactKey: Guid(e71f88c62ec6ec749b9da3c66033409a) Importer(815301076,1909f56bfc062723c751e8b465ee728b)
Start importing Assets/AssetStoreAssets/school/Prefabs/props/book4.prefab using Guid(e71f88c62ec6ec749b9da3c66033409a) Importer(815301076,1909f56bfc062723c751e8b465ee728b)  -> (artifact id: 'db6f598b42ac8cbd955072fe4a3e6af1') in 0.027871 seconds 
========================================================================
Received Import Request.
  Time since last request: 0.000035 seconds.
  path: Assets/AssetStoreAssets/school/Prefabs/props/book6.prefab
  artifactKey: Guid(911f1ee2448dad14e8a9f895e1f5621e) Importer(815301076,1909f56bfc062723c751e8b465ee728b)
Start importing Assets/AssetStoreAssets/school/Prefabs/props/book6.prefab using Guid(911f1ee2448dad14e8a9f895e1f5621e) Importer(815301076,1909f56bfc062723c751e8b465ee728b)  -> (artifact id: 'ab5e2cbb1943fa9b504c2b64a9e4cd43') in 0.012631 seconds 
========================================================================
Received Import Request.
  Time since last request: 0.000027 seconds.
  path: Assets/AssetStoreAssets/school/Prefabs/props/book11.prefab
  artifactKey: Guid(26790024c0a59a4459d89f66a856faa2) Importer(815301076,1909f56bfc062723c751e8b465ee728b)
Start importing Assets/AssetStoreAssets/school/Prefabs/props/book11.prefab using Guid(26790024c0a59a4459d89f66a856faa2) Importer(815301076,1909f56bfc062723c751e8b465ee728b)  -> (artifact id: '322d2ed85c99114e776266fee400ee98') in 0.026581 seconds 
========================================================================
Received Import Request.
  Time since last request: 0.000035 seconds.
  path: Assets/AssetStoreAssets/school/Prefabs/props/board2.prefab
  artifactKey: Guid(a5387be5615ab204780e8b46f7b3a16e) Importer(815301076,1909f56bfc062723c751e8b465ee728b)
Start importing Assets/AssetStoreAssets/school/Prefabs/props/board2.prefab using Guid(a5387be5615ab204780e8b46f7b3a16e) Importer(815301076,1909f56bfc062723c751e8b465ee728b)  -> (artifact id: '0c870320a6715ddc4e304686ffc7cfd3') in 0.014341 seconds 
========================================================================
Received Import Request.
  Time since last request: 0.000023 seconds.
  path: Assets/AssetStoreAssets/school/Prefabs/props/chair1.prefab
  artifactKey: Guid(991e8973513e2ad408232c1afeb3a9df) Importer(815301076,1909f56bfc062723c751e8b465ee728b)
Start importing Assets/AssetStoreAssets/school/Prefabs/props/chair1.prefab using Guid(991e8973513e2ad408232c1afeb3a9df) Importer(815301076,1909f56bfc062723c751e8b465ee728b)  -> (artifact id: 'ebf2e673fca45319415dfd067756003a') in 0.018822 seconds 
========================================================================
Received Import Request.
  Time since last request: 0.000024 seconds.
  path: Assets/AssetStoreAssets/school/Prefabs/props/computer.prefab
  artifactKey: Guid(95b7030fe576ba84e930b6af82eb2738) Importer(815301076,1909f56bfc062723c751e8b465ee728b)
Start importing Assets/AssetStoreAssets/school/Prefabs/props/computer.prefab using Guid(95b7030fe576ba84e930b6af82eb2738) Importer(815301076,1909f56bfc062723c751e8b465ee728b)  -> (artifact id: '27359bcd1d6e9a7d6c1d0da36ac6a8fe') in 0.019835 seconds 
========================================================================
Received Import Request.
  Time since last request: 0.000018 seconds.
  path: Assets/AssetStoreAssets/school/Prefabs/props/board2_2 (1).prefab
  artifactKey: Guid(a92085e8cbdc326489fbf320d2c745d4) Importer(815301076,1909f56bfc062723c751e8b465ee728b)
Start importing Assets/AssetStoreAssets/school/Prefabs/props/board2_2 (1).prefab using Guid(a92085e8cbdc326489fbf320d2c745d4) Importer(815301076,1909f56bfc062723c751e8b465ee728b)  -> (artifact id: 'a365203e253a6a204661b1e35e4bccc7') in 0.016009 seconds 
========================================================================
Received Import Request.
  Time since last request: 0.000036 seconds.
  path: Assets/AssetStoreAssets/school/Prefabs/props/book2.prefab
  artifactKey: Guid(72c1249698983ad4988f693663fa1e21) Importer(815301076,1909f56bfc062723c751e8b465ee728b)
Start importing Assets/AssetStoreAssets/school/Prefabs/props/book2.prefab using Guid(72c1249698983ad4988f693663fa1e21) Importer(815301076,1909f56bfc062723c751e8b465ee728b)  -> (artifact id: 'be50ae405786b2b700d5b0c47424f3e0') in 0.016308 seconds 
========================================================================
Received Import Request.
  Time since last request: 0.000019 seconds.
  path: Assets/AssetStoreAssets/school/Prefabs/props/book9.prefab
  artifactKey: Guid(d74135662f1cf2049b7ad36d7a117892) Importer(815301076,1909f56bfc062723c751e8b465ee728b)
Start importing Assets/AssetStoreAssets/school/Prefabs/props/book9.prefab using Guid(d74135662f1cf2049b7ad36d7a117892) Importer(815301076,1909f56bfc062723c751e8b465ee728b)  -> (artifact id: '35331e72dd64d4f57311233e8af3d45c') in 0.015051 seconds 
========================================================================
Received Import Request.
  Time since last request: 0.000022 seconds.
  path: Assets/AssetStoreAssets/school/Prefabs/props/jalousie.prefab
  artifactKey: Guid(f67ff9d455ede6d448bdf23bc838c236) Importer(815301076,1909f56bfc062723c751e8b465ee728b)
Start importing Assets/AssetStoreAssets/school/Prefabs/props/jalousie.prefab using Guid(f67ff9d455ede6d448bdf23bc838c236) Importer(815301076,1909f56bfc062723c751e8b465ee728b)  -> (artifact id: 'cb384a0f63133bd5a5dd09efe1150fec') in 0.013120 seconds 
========================================================================
Received Import Request.
  Time since last request: 0.000024 seconds.
  path: Assets/AssetStoreAssets/school/Prefabs/props/chair.prefab
  artifactKey: Guid(5a652a60006d6ec46980e623412396f9) Importer(815301076,1909f56bfc062723c751e8b465ee728b)
Start importing Assets/AssetStoreAssets/school/Prefabs/props/chair.prefab using Guid(5a652a60006d6ec46980e623412396f9) Importer(815301076,1909f56bfc062723c751e8b465ee728b)  -> (artifact id: '18b9d2ada6e42a93f166a70ef90efbbd') in 0.016759 seconds 
========================================================================
Received Import Request.
  Time since last request: 0.000027 seconds.
  path: Assets/AssetStoreAssets/school/Prefabs/props/button.prefab
  artifactKey: Guid(97ae661c4f5ec684bb00f569e3b354b5) Importer(815301076,1909f56bfc062723c751e8b465ee728b)
Start importing Assets/AssetStoreAssets/school/Prefabs/props/button.prefab using Guid(97ae661c4f5ec684bb00f569e3b354b5) Importer(815301076,1909f56bfc062723c751e8b465ee728b)  -> (artifact id: 'dc8ea1bba4c80129218e18555aadbc36') in 0.013915 seconds 
========================================================================
Received Prepare
Registering precompiled user dll's ...
Registered in 0.009173 seconds.
Begin MonoManager ReloadAssembly
Symbol file LoadedFromMemory doesn't match image C:\Users\eduar\Documents\GitHub\DV-Game-Jam\Library\PackageCache\com.unity.visualscripting@1.7.8\Editor\VisualScripting.Core\Dependencies\YamlDotNet\Unity.VisualScripting.YamlDotNet.dll
Symbol file LoadedFromMemory doesn't match image C:\Users\eduar\Documents\GitHub\DV-Game-Jam\Library\PackageCache\com.unity.visualscripting@1.7.8\Editor\VisualScripting.Core\Dependencies\DotNetZip\Unity.VisualScripting.IonicZip.dll
Native extension for WindowsStandalone target not found
Native extension for WebGL target not found
Refreshing native plugins compatible for Editor in 0.55 ms, found 3 plugins.
Preloading 0 native plugins for Editor in 0.00 ms.
Mono: successfully reloaded assembly
- Completed reload, in  1.216 seconds
Domain Reload Profiling:
	ReloadAssembly (1217ms)
		BeginReloadAssembly (182ms)
			ExecutionOrderSort (0ms)
			DisableScriptedObjects (5ms)
			BackupInstance (0ms)
			ReleaseScriptingObjects (0ms)
			CreateAndSetChildDomain (39ms)
		EndReloadAssembly (922ms)
			LoadAssemblies (136ms)
			RebuildTransferFunctionScriptingTraits (0ms)
			SetupTypeCache (314ms)
			ReleaseScriptCaches (1ms)
			RebuildScriptCaches (44ms)
			SetupLoadedEditorAssemblies (405ms)
				LogAssemblyErrors (0ms)
				InitializePlatformSupportModulesInManaged (13ms)
				SetLoadedEditorAssemblies (0ms)
				RefreshPlugins (1ms)
				BeforeProcessingInitializeOnLoad (67ms)
				ProcessInitializeOnLoadAttributes (280ms)
				ProcessInitializeOnLoadMethodAttributes (39ms)
				AfterProcessingInitializeOnLoad (6ms)
				EditorAssembliesLoaded (0ms)
			ExecutionOrderSort2 (0ms)
			AwakeInstancesAfterBackupRestoration (16ms)
Platform modules already initialized, skipping
Refreshing native plugins compatible for Editor in 3.52 ms, found 3 plugins.
Preloading 0 native plugins for Editor in 0.00 ms.
Unloading 3418 Unused Serialized files (Serialized files now loaded: 0)
Unloading 18 unused Assets / (24.8 KB). Loaded Objects now: 3967.
Memory consumption went from 124.2 MB to 124.2 MB.
Total: 4.873800 ms (FindLiveObjects: 0.376900 ms CreateObjectMapping: 0.431300 ms MarkObjects: 4.033100 ms  DeleteObjects: 0.031300 ms)

AssetImportParameters requested are different than current active one (requested -> active):
  custom:video-decoder-ogg-theora: a1e56fd34408186e4bbccfd4996cb3dc -> 
  custom:container-muxer-webm: aa71ff27fc2769a1b78a27578f13a17b -> 
  custom:container-demuxer-webm: 4f35f7cbe854078d1ac9338744f61a02 -> 
  custom:video-encoder-webm-vp8: eb34c28f22e8b96e1ab97ce403110664 -> 
  custom:audio-encoder-webm-vorbis: bf7c407c2cedff20999df2af8eb42d56 -> 
  custom:framework-win-MediaFoundation: 216162199b28c13a410421893ffa2e32 -> 
  custom:container-demuxer-ogg: 62fdf1f143b41e24485cea50d1cbac27 -> 
  custom:video-decoder-webm-vp8: 9c59270c3fd7afecdb556c50c9e8de78 -> 
  custom:audio-decoder-ogg-vorbis: bf7c407c2cedff20999df2af8eb42d56 -> 
========================================================================
Received Prepare
Registering precompiled user dll's ...
Registered in 0.008528 seconds.
Begin MonoManager ReloadAssembly
Symbol file LoadedFromMemory doesn't match image C:\Users\eduar\Documents\GitHub\DV-Game-Jam\Library\PackageCache\com.unity.visualscripting@1.7.8\Editor\VisualScripting.Core\Dependencies\YamlDotNet\Unity.VisualScripting.YamlDotNet.dll
Symbol file LoadedFromMemory doesn't match image C:\Users\eduar\Documents\GitHub\DV-Game-Jam\Library\PackageCache\com.unity.visualscripting@1.7.8\Editor\VisualScripting.Core\Dependencies\DotNetZip\Unity.VisualScripting.IonicZip.dll
Native extension for WindowsStandalone target not found
Native extension for WebGL target not found
Refreshing native plugins compatible for Editor in 1.16 ms, found 3 plugins.
Preloading 0 native plugins for Editor in 0.00 ms.
Mono: successfully reloaded assembly
- Completed reload, in  1.299 seconds
Domain Reload Profiling:
	ReloadAssembly (1300ms)
		BeginReloadAssembly (178ms)
			ExecutionOrderSort (0ms)
			DisableScriptedObjects (8ms)
			BackupInstance (0ms)
			ReleaseScriptingObjects (0ms)
			CreateAndSetChildDomain (38ms)
		EndReloadAssembly (1027ms)
			LoadAssemblies (134ms)
			RebuildTransferFunctionScriptingTraits (0ms)
			SetupTypeCache (316ms)
			ReleaseScriptCaches (1ms)
			RebuildScriptCaches (54ms)
			SetupLoadedEditorAssemblies (476ms)
				LogAssemblyErrors (0ms)
				InitializePlatformSupportModulesInManaged (18ms)
				SetLoadedEditorAssemblies (1ms)
				RefreshPlugins (1ms)
				BeforeProcessingInitializeOnLoad (96ms)
				ProcessInitializeOnLoadAttributes (316ms)
				ProcessInitializeOnLoadMethodAttributes (40ms)
				AfterProcessingInitializeOnLoad (4ms)
				EditorAssembliesLoaded (0ms)
			ExecutionOrderSort2 (0ms)
			AwakeInstancesAfterBackupRestoration (17ms)
Platform modules already initialized, skipping
Refreshing native plugins compatible for Editor in 2.27 ms, found 3 plugins.
Preloading 0 native plugins for Editor in 0.00 ms.
Unloading 3418 Unused Serialized files (Serialized files now loaded: 0)
Unloading 18 unused Assets / (24.7 KB). Loaded Objects now: 3970.
Memory consumption went from 124.2 MB to 124.2 MB.
Total: 2.639600 ms (FindLiveObjects: 0.252700 ms CreateObjectMapping: 0.151400 ms MarkObjects: 2.214300 ms  DeleteObjects: 0.020100 ms)

AssetImportParameters requested are different than current active one (requested -> active):
  custom:video-decoder-ogg-theora: a1e56fd34408186e4bbccfd4996cb3dc -> 
  custom:container-muxer-webm: aa71ff27fc2769a1b78a27578f13a17b -> 
  custom:container-demuxer-webm: 4f35f7cbe854078d1ac9338744f61a02 -> 
  custom:video-encoder-webm-vp8: eb34c28f22e8b96e1ab97ce403110664 -> 
  custom:audio-encoder-webm-vorbis: bf7c407c2cedff20999df2af8eb42d56 -> 
  custom:framework-win-MediaFoundation: 216162199b28c13a410421893ffa2e32 -> 
  custom:container-demuxer-ogg: 62fdf1f143b41e24485cea50d1cbac27 -> 
  custom:video-decoder-webm-vp8: 9c59270c3fd7afecdb556c50c9e8de78 -> 
  custom:audio-decoder-ogg-vorbis: bf7c407c2cedff20999df2af8eb42d56 -> 
========================================================================
Received Import Request.
  Time since last request: 257.284003 seconds.
  path: Assets/AssetStoreAssets/school/material
  artifactKey: Guid(87b942742db18d74cadc81763e504ddf) Importer(815301076,1909f56bfc062723c751e8b465ee728b)
Start importing Assets/AssetStoreAssets/school/material using Guid(87b942742db18d74cadc81763e504ddf) Importer(815301076,1909f56bfc062723c751e8b465ee728b)  -> (artifact id: '6b69253f2e45968c9379147ba20dc07e') in 0.008747 seconds 
========================================================================
Received Import Request.
  Time since last request: 0.025354 seconds.
  path: Assets/AssetStoreAssets/school/material/1.png
  artifactKey: Guid(4b03c68dd480c5946acba6280c21b674) Importer(815301076,1909f56bfc062723c751e8b465ee728b)
Start importing Assets/AssetStoreAssets/school/material/1.png using Guid(4b03c68dd480c5946acba6280c21b674) Importer(815301076,1909f56bfc062723c751e8b465ee728b)  -> (artifact id: '43f287e2918cb8975acd659fbfb50307') in 0.494542 seconds 
========================================================================
Received Import Request.
  Time since last request: 0.183924 seconds.
  path: Assets/AssetStoreAssets/school/material/Materials
  artifactKey: Guid(7f0cc5bbcb8d137418bf5322cab36bb9) Importer(815301076,1909f56bfc062723c751e8b465ee728b)
Start importing Assets/AssetStoreAssets/school/material/Materials using Guid(7f0cc5bbcb8d137418bf5322cab36bb9) Importer(815301076,1909f56bfc062723c751e8b465ee728b)  -> (artifact id: 'd464d07442889a791470187a3e964bef') in 0.003110 seconds 
========================================================================
Received Import Request.
  Time since last request: 0.044346 seconds.
  path: Assets/AssetStoreAssets/school/material/Materials/1.mat
  artifactKey: Guid(30b92673b9b7ef44c9c11a474d9910c9) Importer(815301076,1909f56bfc062723c751e8b465ee728b)
Start importing Assets/AssetStoreAssets/school/material/Materials/1.mat using Guid(30b92673b9b7ef44c9c11a474d9910c9) Importer(815301076,1909f56bfc062723c751e8b465ee728b)  -> (artifact id: 'ed5681cc8cb0c14b05b38f39cc7b0db8') in 0.045551 seconds 
========================================================================
Received Import Request.
  Time since last request: 11.097453 seconds.
  path: Assets/AssetStoreAssets/AddOns/Mg3D_Food/Cheese.fbx
  artifactKey: Guid(47365cc78e5cfad41badc534e3d2b7e1) Importer(815301076,1909f56bfc062723c751e8b465ee728b)
Start importing Assets/AssetStoreAssets/AddOns/Mg3D_Food/Cheese.fbx using Guid(47365cc78e5cfad41badc534e3d2b7e1) Importer(815301076,1909f56bfc062723c751e8b465ee728b)  -> (artifact id: '1f543f83498b29a35a5e5360ecd6f21f') in 0.072916 seconds 
========================================================================
Received Import Request.
  Time since last request: 0.000016 seconds.
  path: Assets/AssetStoreAssets/AddOns/Mg3D_Food/Olive.fbx
  artifactKey: Guid(bd232805ec57aa245a81c2df3f69f66a) Importer(815301076,1909f56bfc062723c751e8b465ee728b)
Start importing Assets/AssetStoreAssets/AddOns/Mg3D_Food/Olive.fbx using Guid(bd232805ec57aa245a81c2df3f69f66a) Importer(815301076,1909f56bfc062723c751e8b465ee728b)  -> (artifact id: 'a844a0de3aeb53a872b343298ec8c2e0') in 0.052837 seconds 
========================================================================
Received Import Request.
  Time since last request: 0.000021 seconds.
  path: Assets/AssetStoreAssets/AddOns/Mg3D_Food/Hamburger.fbx
  artifactKey: Guid(54b107e50acd7e24b96d7de887c68833) Importer(815301076,1909f56bfc062723c751e8b465ee728b)
Start importing Assets/AssetStoreAssets/AddOns/Mg3D_Food/Hamburger.fbx using Guid(54b107e50acd7e24b96d7de887c68833) Importer(815301076,1909f56bfc062723c751e8b465ee728b)  -> (artifact id: '3f8bb11c9dfc5763c0079b8bf39c1435') in 0.054880 seconds 
========================================================================
Received Prepare
Registering precompiled user dll's ...
Registered in 0.009361 seconds.
Begin MonoManager ReloadAssembly
Symbol file LoadedFromMemory doesn't match image C:\Users\eduar\Documents\GitHub\DV-Game-Jam\Library\PackageCache\com.unity.visualscripting@1.7.8\Editor\VisualScripting.Core\Dependencies\YamlDotNet\Unity.VisualScripting.YamlDotNet.dll
Symbol file LoadedFromMemory doesn't match image C:\Users\eduar\Documents\GitHub\DV-Game-Jam\Library\PackageCache\com.unity.visualscripting@1.7.8\Editor\VisualScripting.Core\Dependencies\DotNetZip\Unity.VisualScripting.IonicZip.dll
Native extension for WindowsStandalone target not found
Native extension for WebGL target not found
Refreshing native plugins compatible for Editor in 0.61 ms, found 3 plugins.
Preloading 0 native plugins for Editor in 0.00 ms.
Mono: successfully reloaded assembly
- Completed reload, in  1.059 seconds
Domain Reload Profiling:
	ReloadAssembly (1059ms)
		BeginReloadAssembly (156ms)
			ExecutionOrderSort (0ms)
			DisableScriptedObjects (4ms)
			BackupInstance (0ms)
			ReleaseScriptingObjects (0ms)
			CreateAndSetChildDomain (33ms)
		EndReloadAssembly (803ms)
			LoadAssemblies (120ms)
			RebuildTransferFunctionScriptingTraits (0ms)
			SetupTypeCache (283ms)
			ReleaseScriptCaches (1ms)
			RebuildScriptCaches (42ms)
			SetupLoadedEditorAssemblies (333ms)
				LogAssemblyErrors (0ms)
				InitializePlatformSupportModulesInManaged (12ms)
				SetLoadedEditorAssemblies (0ms)
				RefreshPlugins (1ms)
				BeforeProcessingInitializeOnLoad (62ms)
				ProcessInitializeOnLoadAttributes (225ms)
				ProcessInitializeOnLoadMethodAttributes (29ms)
				AfterProcessingInitializeOnLoad (3ms)
				EditorAssembliesLoaded (0ms)
			ExecutionOrderSort2 (0ms)
			AwakeInstancesAfterBackupRestoration (11ms)
Platform modules already initialized, skipping
Refreshing native plugins compatible for Editor in 2.89 ms, found 3 plugins.
Preloading 0 native plugins for Editor in 0.00 ms.
Unloading 3418 Unused Serialized files (Serialized files now loaded: 0)
Unloading 18 unused Assets / (24.7 KB). Loaded Objects now: 3974.
Memory consumption went from 124.3 MB to 124.3 MB.
Total: 4.155000 ms (FindLiveObjects: 0.297500 ms CreateObjectMapping: 0.195000 ms MarkObjects: 3.626900 ms  DeleteObjects: 0.034400 ms)

AssetImportParameters requested are different than current active one (requested -> active):
  custom:video-decoder-ogg-theora: a1e56fd34408186e4bbccfd4996cb3dc -> 
  custom:container-muxer-webm: aa71ff27fc2769a1b78a27578f13a17b -> 
  custom:container-demuxer-webm: 4f35f7cbe854078d1ac9338744f61a02 -> 
  custom:video-encoder-webm-vp8: eb34c28f22e8b96e1ab97ce403110664 -> 
  custom:audio-encoder-webm-vorbis: bf7c407c2cedff20999df2af8eb42d56 -> 
  custom:framework-win-MediaFoundation: 216162199b28c13a410421893ffa2e32 -> 
  custom:container-demuxer-ogg: 62fdf1f143b41e24485cea50d1cbac27 -> 
  custom:video-decoder-webm-vp8: 9c59270c3fd7afecdb556c50c9e8de78 -> 
  custom:audio-decoder-ogg-vorbis: bf7c407c2cedff20999df2af8eb42d56 -> 
========================================================================
Received Import Request.
  Time since last request: 75.736408 seconds.
  path: Assets/AssetStoreAssets/school/props/a door.fbx
  artifactKey: Guid(a1b64279c34bd0a49abf18b790a099b4) Importer(815301076,1909f56bfc062723c751e8b465ee728b)
Start importing Assets/AssetStoreAssets/school/props/a door.fbx using Guid(a1b64279c34bd0a49abf18b790a099b4) Importer(815301076,1909f56bfc062723c751e8b465ee728b)  -> (artifact id: '728526fabff20e0c0e92eafd483eb2a3') in 0.645137 seconds 
========================================================================
Received Import Request.
  Time since last request: 0.000029 seconds.
  path: Assets/AssetStoreAssets/school/props/book12.fbx
  artifactKey: Guid(d26fd69ae663eb24a85bb3506b3e3b91) Importer(815301076,1909f56bfc062723c751e8b465ee728b)
Start importing Assets/AssetStoreAssets/school/props/book12.fbx using Guid(d26fd69ae663eb24a85bb3506b3e3b91) Importer(815301076,1909f56bfc062723c751e8b465ee728b)  -> (artifact id: '720d7922ac7022c0096a3fa707a589fe') in 0.060915 seconds 
========================================================================
Received Import Request.
  Time since last request: 0.000042 seconds.
  path: Assets/AssetStoreAssets/school/props/button.fbx
  artifactKey: Guid(f91d72df50fef7f489d2eeb99baf0c1d) Importer(815301076,1909f56bfc062723c751e8b465ee728b)
Start importing Assets/AssetStoreAssets/school/props/button.fbx using Guid(f91d72df50fef7f489d2eeb99baf0c1d) Importer(815301076,1909f56bfc062723c751e8b465ee728b)  -> (artifact id: '031595b662b11e27b8ad59152137cd1a') in 0.109240 seconds 
========================================================================
Received Import Request.
  Time since last request: 0.000025 seconds.
  path: Assets/AssetStoreAssets/school/props/locker1.fbx
  artifactKey: Guid(a009d4148ee08684d917c68693f75228) Importer(815301076,1909f56bfc062723c751e8b465ee728b)
Start importing Assets/AssetStoreAssets/school/props/locker1.fbx using Guid(a009d4148ee08684d917c68693f75228) Importer(815301076,1909f56bfc062723c751e8b465ee728b)  -> (artifact id: 'def28463d10bf56360e5fd2344603661') in 0.072197 seconds 
========================================================================
Received Import Request.
  Time since last request: 0.000023 seconds.
  path: Assets/AssetStoreAssets/school/props/computer1.fbx
  artifactKey: Guid(f0d27de52a7134a4d9d1aab733f51841) Importer(815301076,1909f56bfc062723c751e8b465ee728b)
Start importing Assets/AssetStoreAssets/school/props/computer1.fbx using Guid(f0d27de52a7134a4d9d1aab733f51841) Importer(815301076,1909f56bfc062723c751e8b465ee728b)  -> (artifact id: '5dc9c400f13ede7de1c0c8c93f1cf410') in 0.062850 seconds 
========================================================================
Received Import Request.
  Time since last request: 0.000032 seconds.
  path: Assets/AssetStoreAssets/school/props/locker_2.fbx
  artifactKey: Guid(4961a98492915344fad8693ff35cc1e8) Importer(815301076,1909f56bfc062723c751e8b465ee728b)
Start importing Assets/AssetStoreAssets/school/props/locker_2.fbx using Guid(4961a98492915344fad8693ff35cc1e8) Importer(815301076,1909f56bfc062723c751e8b465ee728b)  -> (artifact id: 'b15587d12f35cf2d308c7d5e765dce10') in 0.038219 seconds 
========================================================================
Received Import Request.
  Time since last request: 0.000033 seconds.
  path: Assets/AssetStoreAssets/school/props/locker_1.fbx
  artifactKey: Guid(6c66e7ddb4e3bf94e8581dbdbd34d601) Importer(815301076,1909f56bfc062723c751e8b465ee728b)
Start importing Assets/AssetStoreAssets/school/props/locker_1.fbx using Guid(6c66e7ddb4e3bf94e8581dbdbd34d601) Importer(815301076,1909f56bfc062723c751e8b465ee728b)  -> (artifact id: '774a2e806db42543e960ce6ac7290dd3') in 0.035043 seconds 
========================================================================
Received Import Request.
  Time since last request: 0.000030 seconds.
  path: Assets/AssetStoreAssets/school/props/book13.fbx
  artifactKey: Guid(2ac56e37ab0b8c84d8aa8020fb2082b2) Importer(815301076,1909f56bfc062723c751e8b465ee728b)
Start importing Assets/AssetStoreAssets/school/props/book13.fbx using Guid(2ac56e37ab0b8c84d8aa8020fb2082b2) Importer(815301076,1909f56bfc062723c751e8b465ee728b)  -> (artifact id: 'acc5cfe4e2d47a8fa6bf9cf1564e8197') in 0.036943 seconds 
========================================================================
Received Import Request.
  Time since last request: 0.000029 seconds.
  path: Assets/AssetStoreAssets/school/props/board2_2.fbx
  artifactKey: Guid(bd7e469a6d0e8c44e9dabdd48e4bfb36) Importer(815301076,1909f56bfc062723c751e8b465ee728b)
Start importing Assets/AssetStoreAssets/school/props/board2_2.fbx using Guid(bd7e469a6d0e8c44e9dabdd48e4bfb36) Importer(815301076,1909f56bfc062723c751e8b465ee728b)  -> (artifact id: '72d1b69637b7b28d86ae5fc3ba66227a') in 0.048173 seconds 
========================================================================
Received Import Request.
  Time since last request: 0.000026 seconds.
  path: Assets/AssetStoreAssets/school/props/locker_3.fbx
  artifactKey: Guid(2ef5cccbf9af996448903a637411876a) Importer(815301076,1909f56bfc062723c751e8b465ee728b)
Start importing Assets/AssetStoreAssets/school/props/locker_3.fbx using Guid(2ef5cccbf9af996448903a637411876a) Importer(815301076,1909f56bfc062723c751e8b465ee728b)  -> (artifact id: '69473b450ed09b9ba997f57033b44954') in 0.051936 seconds 
========================================================================
Received Import Request.
  Time since last request: 0.000113 seconds.
  path: Assets/AssetStoreAssets/school/props/book16.fbx
  artifactKey: Guid(804dc1b5bcbda42449135bc1c93de072) Importer(815301076,1909f56bfc062723c751e8b465ee728b)
Start importing Assets/AssetStoreAssets/school/props/book16.fbx using Guid(804dc1b5bcbda42449135bc1c93de072) Importer(815301076,1909f56bfc062723c751e8b465ee728b)  -> (artifact id: '3a29a1214e19072d8fed77f4ae5ea594') in 0.038856 seconds 
========================================================================
Received Import Request.
  Time since last request: 0.000039 seconds.
  path: Assets/AssetStoreAssets/school/props/chair1.fbx
  artifactKey: Guid(e3fd7e9d6b3f64648beef3391d3952d6) Importer(815301076,1909f56bfc062723c751e8b465ee728b)
Start importing Assets/AssetStoreAssets/school/props/chair1.fbx using Guid(e3fd7e9d6b3f64648beef3391d3952d6) Importer(815301076,1909f56bfc062723c751e8b465ee728b)  -> (artifact id: '205d0f7e4c15095dde0c7835e24ff547') in 0.043123 seconds 
========================================================================
Received Import Request.
  Time since last request: 0.000063 seconds.
  path: Assets/AssetStoreAssets/school/props/book14.fbx
  artifactKey: Guid(07f0850d4174989458ab5186394dec12) Importer(815301076,1909f56bfc062723c751e8b465ee728b)
Start importing Assets/AssetStoreAssets/school/props/book14.fbx using Guid(07f0850d4174989458ab5186394dec12) Importer(815301076,1909f56bfc062723c751e8b465ee728b)  -> (artifact id: 'f1ac904eb6281326e614e8bdd2959830') in 0.039924 seconds 
========================================================================
Received Import Request.
  Time since last request: 0.000029 seconds.
  path: Assets/AssetStoreAssets/school/props/computer3.fbx
  artifactKey: Guid(f31be39be55038b4dbc591468d4b9ccf) Importer(815301076,1909f56bfc062723c751e8b465ee728b)
Start importing Assets/AssetStoreAssets/school/props/computer3.fbx using Guid(f31be39be55038b4dbc591468d4b9ccf) Importer(815301076,1909f56bfc062723c751e8b465ee728b)  -> (artifact id: '6db77558263e569f057b8ca2c666ba7b') in 0.035690 seconds 
========================================================================
Received Import Request.
  Time since last request: 0.000046 seconds.
  path: Assets/AssetStoreAssets/school/props/book11.fbx
  artifactKey: Guid(469050c7eb8ed64428b8fb7604b109fb) Importer(815301076,1909f56bfc062723c751e8b465ee728b)
Start importing Assets/AssetStoreAssets/school/props/book11.fbx using Guid(469050c7eb8ed64428b8fb7604b109fb) Importer(815301076,1909f56bfc062723c751e8b465ee728b)  -> (artifact id: '2f2a7bcbd3b657c0a94abf2e666f2821') in 0.036509 seconds 
========================================================================
Received Import Request.
  Time since last request: 0.000038 seconds.
  path: Assets/AssetStoreAssets/school/props/locker_5.fbx
  artifactKey: Guid(7b076f4bc078820418c69918ad1d12e8) Importer(815301076,1909f56bfc062723c751e8b465ee728b)
Start importing Assets/AssetStoreAssets/school/props/locker_5.fbx using Guid(7b076f4bc078820418c69918ad1d12e8) Importer(815301076,1909f56bfc062723c751e8b465ee728b)  -> (artifact id: '56f2978245c589f57b9eb43eb89588b0') in 0.040899 seconds 
========================================================================
Received Import Request.
  Time since last request: 0.000039 seconds.
  path: Assets/AssetStoreAssets/school/props/book5.fbx
  artifactKey: Guid(20a2100985022e94da9960c7ad02d896) Importer(815301076,1909f56bfc062723c751e8b465ee728b)
Start importing Assets/AssetStoreAssets/school/props/book5.fbx using Guid(20a2100985022e94da9960c7ad02d896) Importer(815301076,1909f56bfc062723c751e8b465ee728b)  -> (artifact id: 'b26899d7ed23231f7851235d0b54f14e') in 0.053913 seconds 
========================================================================
Received Import Request.
  Time since last request: 0.000036 seconds.
  path: Assets/AssetStoreAssets/school/props/computer.fbx
  artifactKey: Guid(19da5e77d15e6b246ae6557f5f4c3cbe) Importer(815301076,1909f56bfc062723c751e8b465ee728b)
Start importing Assets/AssetStoreAssets/school/props/computer.fbx using Guid(19da5e77d15e6b246ae6557f5f4c3cbe) Importer(815301076,1909f56bfc062723c751e8b465ee728b)  -> (artifact id: '184b3a46efa05ca518a07a11ea48a6df') in 0.038780 seconds 
========================================================================
Received Import Request.
  Time since last request: 0.000026 seconds.
  path: Assets/AssetStoreAssets/school/props/book3.fbx
  artifactKey: Guid(2d9b54e7ef3d1a94eb9be4f4dd931319) Importer(815301076,1909f56bfc062723c751e8b465ee728b)
Start importing Assets/AssetStoreAssets/school/props/book3.fbx using Guid(2d9b54e7ef3d1a94eb9be4f4dd931319) Importer(815301076,1909f56bfc062723c751e8b465ee728b)  -> (artifact id: '1af9e4214d274db68bee65d4c11f61b3') in 0.141164 seconds 
========================================================================
Received Import Request.
  Time since last request: 0.008567 seconds.
  path: Assets/AssetStoreAssets/school/props/book8.fbx
  artifactKey: Guid(c84426d852eade14f99559ca019e22ce) Importer(815301076,1909f56bfc062723c751e8b465ee728b)
Start importing Assets/AssetStoreAssets/school/props/book8.fbx using Guid(c84426d852eade14f99559ca019e22ce) Importer(815301076,1909f56bfc062723c751e8b465ee728b)  -> (artifact id: '6daf28df1e705d038926b6b9ce8094f7') in 0.072333 seconds 
========================================================================
Received Import Request.
  Time since last request: 0.011008 seconds.
  path: Assets/AssetStoreAssets/school/props/board.fbx
  artifactKey: Guid(5613243e699c34046bcf679855532f68) Importer(815301076,1909f56bfc062723c751e8b465ee728b)
Start importing Assets/AssetStoreAssets/school/props/board.fbx using Guid(5613243e699c34046bcf679855532f68) Importer(815301076,1909f56bfc062723c751e8b465ee728b)  -> (artifact id: '9507fc03670e2f6b9c0b77b30aa3056a') in 0.117520 seconds 
========================================================================
Received Import Request.
  Time since last request: 0.000030 seconds.
  path: Assets/AssetStoreAssets/school/props/book6.fbx
  artifactKey: Guid(9ba47c7a82616534bbe4f5bc55bfee77) Importer(815301076,1909f56bfc062723c751e8b465ee728b)
Start importing Assets/AssetStoreAssets/school/props/book6.fbx using Guid(9ba47c7a82616534bbe4f5bc55bfee77) Importer(815301076,1909f56bfc062723c751e8b465ee728b)  -> (artifact id: '58e899464c5869515dcf924eb97a9168') in 0.051637 seconds 
========================================================================
Received Import Request.
  Time since last request: 0.000054 seconds.
  path: Assets/AssetStoreAssets/school/props/a laptop.fbx
  artifactKey: Guid(6a3802d04cb8d4e4d8e354e4a4098cba) Importer(815301076,1909f56bfc062723c751e8b465ee728b)
Start importing Assets/AssetStoreAssets/school/props/a laptop.fbx using Guid(6a3802d04cb8d4e4d8e354e4a4098cba) Importer(815301076,1909f56bfc062723c751e8b465ee728b)  -> (artifact id: 'a77695a553098fb3d1ca5369d7bf9a8e') in 0.045440 seconds 
========================================================================
Received Import Request.
  Time since last request: 0.000040 seconds.
  path: Assets/AssetStoreAssets/school/props/book.fbx
  artifactKey: Guid(fe29f3a55c29a794a8d6a3d12b9aca96) Importer(815301076,1909f56bfc062723c751e8b465ee728b)
Start importing Assets/AssetStoreAssets/school/props/book.fbx using Guid(fe29f3a55c29a794a8d6a3d12b9aca96) Importer(815301076,1909f56bfc062723c751e8b465ee728b)  -> (artifact id: '7edc980b4937ca178c03419a9ad2b5f5') in 0.039726 seconds 
========================================================================
Received Import Request.
  Time since last request: 0.000031 seconds.
  path: Assets/AssetStoreAssets/school/props/board1.fbx
  artifactKey: Guid(2096cda62bf772342bc7a4aeda6e4a67) Importer(815301076,1909f56bfc062723c751e8b465ee728b)
Start importing Assets/AssetStoreAssets/school/props/board1.fbx using Guid(2096cda62bf772342bc7a4aeda6e4a67) Importer(815301076,1909f56bfc062723c751e8b465ee728b)  -> (artifact id: '1cb2a9f5bcabd3f57a90f99f7f95fe9c') in 0.059083 seconds 
========================================================================
Received Import Request.
  Time since last request: 0.000279 seconds.
  path: Assets/AssetStoreAssets/school/props/fire.fbx
  artifactKey: Guid(400505d5a5ae5cc47bc16dc4307f2c04) Importer(815301076,1909f56bfc062723c751e8b465ee728b)
Start importing Assets/AssetStoreAssets/school/props/fire.fbx using Guid(400505d5a5ae5cc47bc16dc4307f2c04) Importer(815301076,1909f56bfc062723c751e8b465ee728b)  -> (artifact id: '3930522ee39cc7173bf530cdda2029a6') in 0.038071 seconds 
========================================================================
Received Import Request.
  Time since last request: 0.407448 seconds.
  path: Assets/AssetStoreAssets/school/road/doroga.fbx
  artifactKey: Guid(f8840c3f03e4a1d45b8c43d8e047bd1c) Importer(815301076,1909f56bfc062723c751e8b465ee728b)
Start importing Assets/AssetStoreAssets/school/road/doroga.fbx using Guid(f8840c3f03e4a1d45b8c43d8e047bd1c) Importer(815301076,1909f56bfc062723c751e8b465ee728b)  -> (artifact id: '96e6b71bd540fa17f399a3f583e098c6') in 0.029467 seconds 
========================================================================
Received Import Request.
  Time since last request: 0.000032 seconds.
  path: Assets/AssetStoreAssets/school/road/floor1.fbx
  artifactKey: Guid(02ba308bed5cd924d888de16aa13d884) Importer(815301076,1909f56bfc062723c751e8b465ee728b)
Start importing Assets/AssetStoreAssets/school/road/floor1.fbx using Guid(02ba308bed5cd924d888de16aa13d884) Importer(815301076,1909f56bfc062723c751e8b465ee728b)  -> (artifact id: '8d3dfd2e544455a11c3fd3f6e3f458c9') in 0.059990 seconds 
========================================================================
Received Prepare
Registering precompiled user dll's ...
Registered in 0.009091 seconds.
Begin MonoManager ReloadAssembly
Symbol file LoadedFromMemory doesn't match image C:\Users\eduar\Documents\GitHub\DV-Game-Jam\Library\PackageCache\com.unity.visualscripting@1.7.8\Editor\VisualScripting.Core\Dependencies\YamlDotNet\Unity.VisualScripting.YamlDotNet.dll
Symbol file LoadedFromMemory doesn't match image C:\Users\eduar\Documents\GitHub\DV-Game-Jam\Library\PackageCache\com.unity.visualscripting@1.7.8\Editor\VisualScripting.Core\Dependencies\DotNetZip\Unity.VisualScripting.IonicZip.dll
Native extension for WindowsStandalone target not found
Native extension for WebGL target not found
Refreshing native plugins compatible for Editor in 0.61 ms, found 3 plugins.
Preloading 0 native plugins for Editor in 0.00 ms.
Mono: successfully reloaded assembly
- Completed reload, in  1.342 seconds
Domain Reload Profiling:
	ReloadAssembly (1343ms)
		BeginReloadAssembly (197ms)
			ExecutionOrderSort (0ms)
			DisableScriptedObjects (7ms)
			BackupInstance (0ms)
			ReleaseScriptingObjects (0ms)
			CreateAndSetChildDomain (47ms)
		EndReloadAssembly (1031ms)
			LoadAssemblies (139ms)
			RebuildTransferFunctionScriptingTraits (0ms)
			SetupTypeCache (329ms)
			ReleaseScriptCaches (1ms)
			RebuildScriptCaches (54ms)
			SetupLoadedEditorAssemblies (486ms)
				LogAssemblyErrors (0ms)
				InitializePlatformSupportModulesInManaged (16ms)
				SetLoadedEditorAssemblies (0ms)
				RefreshPlugins (1ms)
				BeforeProcessingInitializeOnLoad (77ms)
				ProcessInitializeOnLoadAttributes (348ms)
				ProcessInitializeOnLoadMethodAttributes (40ms)
				AfterProcessingInitializeOnLoad (4ms)
				EditorAssembliesLoaded (0ms)
			ExecutionOrderSort2 (0ms)
			AwakeInstancesAfterBackupRestoration (17ms)
Platform modules already initialized, skipping
Refreshing native plugins compatible for Editor in 3.59 ms, found 3 plugins.
Preloading 0 native plugins for Editor in 0.00 ms.
Unloading 3418 Unused Serialized files (Serialized files now loaded: 0)
Unloading 18 unused Assets / (24.7 KB). Loaded Objects now: 3977.
Memory consumption went from 124.4 MB to 124.3 MB.
Total: 3.179000 ms (FindLiveObjects: 0.256100 ms CreateObjectMapping: 0.163700 ms MarkObjects: 2.732800 ms  DeleteObjects: 0.025500 ms)

AssetImportParameters requested are different than current active one (requested -> active):
  custom:video-decoder-ogg-theora: a1e56fd34408186e4bbccfd4996cb3dc -> 
  custom:container-muxer-webm: aa71ff27fc2769a1b78a27578f13a17b -> 
  custom:container-demuxer-webm: 4f35f7cbe854078d1ac9338744f61a02 -> 
  custom:video-encoder-webm-vp8: eb34c28f22e8b96e1ab97ce403110664 -> 
  custom:audio-encoder-webm-vorbis: bf7c407c2cedff20999df2af8eb42d56 -> 
  custom:framework-win-MediaFoundation: 216162199b28c13a410421893ffa2e32 -> 
  custom:container-demuxer-ogg: 62fdf1f143b41e24485cea50d1cbac27 -> 
  custom:video-decoder-webm-vp8: 9c59270c3fd7afecdb556c50c9e8de78 -> 
  custom:audio-decoder-ogg-vorbis: bf7c407c2cedff20999df2af8eb42d56 -> 
Editor requested this worker to shutdown with reason: Scaling down because of idle timeout
AssetImportWorker is now disconnected from the server
Process exiting
Exiting without the bug reporter. Application will terminate with return code 0