Using pre-set license
Built from '2021.3/staging' branch; Version is '2021.3.9f1 (ad3870b89536) revision 11352176'; Using compiler version '192829333'; Build Type 'Release'
OS: 'Windows 10  (10.0.19045) 64bit Core' Language: 'en' Physical Memory: 16223 MB
BatchMode: 1, IsHumanControllingUs: 0, StartBugReporterOnCrash: 0, Is64bit: 1, IsPro: 1

COMMAND LINE ARGUMENTS:
D:\2021.3.9f1\Editor\Unity.exe
-adb2
-batchMode
-noUpm
-name
AssetImportWorker8
-projectPath
C:/Users/eduar/Documents/GitHub/DV-Game-Jam
-logFile
Logs/AssetImportWorker8.log
-srvPort
53848
Successfully changed project path to: C:/Users/eduar/Documents/GitHub/DV-Game-Jam
C:/Users/eduar/Documents/GitHub/DV-Game-Jam
[UnityMemory] Configuration Parameters - Can be set up in boot.config
    "memorysetup-bucket-allocator-granularity=16"
    "memorysetup-bucket-allocator-bucket-count=8"
    "memorysetup-bucket-allocator-block-size=33554432"
    "memorysetup-bucket-allocator-block-count=8"
    "memorysetup-main-allocator-block-size=16777216"
    "memorysetup-thread-allocator-block-size=16777216"
    "memorysetup-gfx-main-allocator-block-size=16777216"
    "memorysetup-gfx-thread-allocator-block-size=16777216"
    "memorysetup-cache-allocator-block-size=4194304"
    "memorysetup-typetree-allocator-block-size=2097152"
    "memorysetup-profiler-bucket-allocator-granularity=16"
    "memorysetup-profiler-bucket-allocator-bucket-count=8"
    "memorysetup-profiler-bucket-allocator-block-size=33554432"
    "memorysetup-profiler-bucket-allocator-block-count=8"
    "memorysetup-profiler-allocator-block-size=16777216"
    "memorysetup-profiler-editor-allocator-block-size=1048576"
    "memorysetup-temp-allocator-size-main=16777216"
    "memorysetup-job-temp-allocator-block-size=2097152"
    "memorysetup-job-temp-allocator-block-size-background=1048576"
    "memorysetup-job-temp-allocator-reduction-small-platforms=262144"
    "memorysetup-temp-allocator-size-background-worker=32768"
    "memorysetup-temp-allocator-size-job-worker=262144"
    "memorysetup-temp-allocator-size-preload-manager=33554432"
    "memorysetup-temp-allocator-size-nav-mesh-worker=65536"
    "memorysetup-temp-allocator-size-audio-worker=65536"
    "memorysetup-temp-allocator-size-cloud-worker=32768"
    "memorysetup-temp-allocator-size-gi-baking-worker=262144"
    "memorysetup-temp-allocator-size-gfx=262144"
Refreshing native plugins compatible for Editor in 74.80 ms, found 3 plugins.
Preloading 0 native plugins for Editor in 0.00 ms.
Initialize engine version: 2021.3.9f1 (ad3870b89536)
[Subsystems] Discovering subsystems at path D:/2021.3.9f1/Editor/Data/Resources/UnitySubsystems
[Subsystems] Discovering subsystems at path C:/Users/eduar/Documents/GitHub/DV-Game-Jam/Assets
GfxDevice: creating device client; threaded=0; jobified=0
Direct3D:
    Version:  Direct3D 11.0 [level 11.1]
    Renderer: NVIDIA GeForce GTX 1660 Ti (ID=0x2191)
    Vendor:   NVIDIA
    VRAM:     5979 MB
    Driver:   31.0.15.2802
Initialize mono
Mono path[0] = 'D:/2021.3.9f1/Editor/Data/Managed'
Mono path[1] = 'D:/2021.3.9f1/Editor/Data/MonoBleedingEdge/lib/mono/unityjit-win32'
Mono config path = 'D:/2021.3.9f1/Editor/Data/MonoBleedingEdge/etc'
Using monoOptions --debugger-agent=transport=dt_socket,embedding=1,server=y,suspend=n,address=127.0.0.1:56896
Begin MonoManager ReloadAssembly
Registering precompiled unity dll's ...
Register platform support module: D:/2021.3.9f1/Editor/Data/PlaybackEngines/WebGLSupport/UnityEditor.WebGL.Extensions.dll
Register platform support module: D:/2021.3.9f1/Editor/Data/PlaybackEngines/WindowsStandaloneSupport/UnityEditor.WindowsStandalone.Extensions.dll
Registered in 0.003402 seconds.
Native extension for WindowsStandalone target not found
Native extension for WebGL target not found
Refreshing native plugins compatible for Editor in 70.88 ms, found 3 plugins.
Preloading 0 native plugins for Editor in 0.00 ms.
Mono: successfully reloaded assembly
- Completed reload, in  0.747 seconds
Domain Reload Profiling:
	ReloadAssembly (748ms)
		BeginReloadAssembly (109ms)
			ExecutionOrderSort (0ms)
			DisableScriptedObjects (0ms)
			BackupInstance (0ms)
			ReleaseScriptingObjects (0ms)
			CreateAndSetChildDomain (1ms)
		EndReloadAssembly (506ms)
			LoadAssemblies (109ms)
			RebuildTransferFunctionScriptingTraits (0ms)
			SetupTypeCache (150ms)
			ReleaseScriptCaches (0ms)
			RebuildScriptCaches (27ms)
			SetupLoadedEditorAssemblies (272ms)
				LogAssemblyErrors (0ms)
				InitializePlatformSupportModulesInManaged (7ms)
				SetLoadedEditorAssemblies (0ms)
				RefreshPlugins (71ms)
				BeforeProcessingInitializeOnLoad (1ms)
				ProcessInitializeOnLoadAttributes (146ms)
				ProcessInitializeOnLoadMethodAttributes (47ms)
				AfterProcessingInitializeOnLoad (0ms)
				EditorAssembliesLoaded (0ms)
			ExecutionOrderSort2 (0ms)
			AwakeInstancesAfterBackupRestoration (0ms)
Platform modules already initialized, skipping
Registering precompiled user dll's ...
Registered in 0.008986 seconds.
Begin MonoManager ReloadAssembly
Symbol file LoadedFromMemory doesn't match image C:\Users\eduar\Documents\GitHub\DV-Game-Jam\Library\PackageCache\com.unity.visualscripting@1.7.8\Editor\VisualScripting.Core\Dependencies\YamlDotNet\Unity.VisualScripting.YamlDotNet.dll
Symbol file LoadedFromMemory doesn't match image C:\Users\eduar\Documents\GitHub\DV-Game-Jam\Library\PackageCache\com.unity.visualscripting@1.7.8\Editor\VisualScripting.Core\Dependencies\DotNetZip\Unity.VisualScripting.IonicZip.dll
Native extension for WindowsStandalone target not found
Native extension for WebGL target not found
Refreshing native plugins compatible for Editor in 0.59 ms, found 3 plugins.
Preloading 0 native plugins for Editor in 0.00 ms.
Mono: successfully reloaded assembly
- Completed reload, in  1.057 seconds
Domain Reload Profiling:
	ReloadAssembly (1058ms)
		BeginReloadAssembly (124ms)
			ExecutionOrderSort (0ms)
			DisableScriptedObjects (6ms)
			BackupInstance (0ms)
			ReleaseScriptingObjects (0ms)
			CreateAndSetChildDomain (18ms)
		EndReloadAssembly (822ms)
			LoadAssemblies (103ms)
			RebuildTransferFunctionScriptingTraits (0ms)
			SetupTypeCache (262ms)
			ReleaseScriptCaches (1ms)
			RebuildScriptCaches (47ms)
			SetupLoadedEditorAssemblies (391ms)
				LogAssemblyErrors (0ms)
				InitializePlatformSupportModulesInManaged (5ms)
				SetLoadedEditorAssemblies (0ms)
				RefreshPlugins (1ms)
				BeforeProcessingInitializeOnLoad (82ms)
				ProcessInitializeOnLoadAttributes (273ms)
				ProcessInitializeOnLoadMethodAttributes (27ms)
				AfterProcessingInitializeOnLoad (3ms)
				EditorAssembliesLoaded (0ms)
			ExecutionOrderSort2 (0ms)
			AwakeInstancesAfterBackupRestoration (10ms)
Platform modules already initialized, skipping
========================================================================
Worker process is ready to serve import requests
Launched and connected shader compiler UnityShaderCompiler.exe after 0.14 seconds
Refreshing native plugins compatible for Editor in 0.54 ms, found 3 plugins.
Preloading 0 native plugins for Editor in 0.00 ms.
Unloading 3440 Unused Serialized files (Serialized files now loaded: 0)
Unloading 25 unused Assets / (55.8 KB). Loaded Objects now: 3902.
Memory consumption went from 121.5 MB to 121.4 MB.
Total: 3.472900 ms (FindLiveObjects: 0.251600 ms CreateObjectMapping: 0.181300 ms MarkObjects: 2.965300 ms  DeleteObjects: 0.073700 ms)

AssetImportParameters requested are different than current active one (requested -> active):
  custom:video-decoder-ogg-theora: a1e56fd34408186e4bbccfd4996cb3dc -> 
  custom:container-muxer-webm: aa71ff27fc2769a1b78a27578f13a17b -> 
  custom:container-demuxer-webm: 4f35f7cbe854078d1ac9338744f61a02 -> 
  custom:video-encoder-webm-vp8: eb34c28f22e8b96e1ab97ce403110664 -> 
  custom:audio-encoder-webm-vorbis: bf7c407c2cedff20999df2af8eb42d56 -> 
  custom:framework-win-MediaFoundation: 216162199b28c13a410421893ffa2e32 -> 
  custom:container-demuxer-ogg: 62fdf1f143b41e24485cea50d1cbac27 -> 
  custom:video-decoder-webm-vp8: 9c59270c3fd7afecdb556c50c9e8de78 -> 
  custom:audio-decoder-ogg-vorbis: bf7c407c2cedff20999df2af8eb42d56 -> 
========================================================================
Received Import Request.
  Time since last request: 11293.941250 seconds.
  path: Assets/AssetStoreAssets/RPGMonsterPartnersPBRPolyart/Textures
  artifactKey: Guid(78da80602e60c674d8d9591446763c76) Importer(815301076,1909f56bfc062723c751e8b465ee728b)
Start importing Assets/AssetStoreAssets/RPGMonsterPartnersPBRPolyart/Textures using Guid(78da80602e60c674d8d9591446763c76) Importer(815301076,1909f56bfc062723c751e8b465ee728b)  -> (artifact id: '80dfb4e6c08080c129a99ff9ff822dfe') in 0.009050 seconds 
========================================================================
Received Import Request.
  Time since last request: 0.039426 seconds.
  path: Assets/AssetStoreAssets/RPGMonsterPartnersPBRPolyart/Textures/AlbedoPBR.png
  artifactKey: Guid(2d208b8c3a66e434b84db7315fd6abc4) Importer(815301076,1909f56bfc062723c751e8b465ee728b)
Start importing Assets/AssetStoreAssets/RPGMonsterPartnersPBRPolyart/Textures/AlbedoPBR.png using Guid(2d208b8c3a66e434b84db7315fd6abc4) Importer(815301076,1909f56bfc062723c751e8b465ee728b)  -> (artifact id: '77c2eb3adcd56a4f9e22cd0b047484fe') in 0.118566 seconds 
========================================================================
Received Import Request.
  Time since last request: 173.717912 seconds.
  path: Assets/AssetStoreAssets/RPGMonsterPartnersPBRPolyart/Prefabs/ChestMonsterPBR.prefab
  artifactKey: Guid(003b064097ba1bd4fa565d0210db6d9d) Importer(815301076,1909f56bfc062723c751e8b465ee728b)
Start importing Assets/AssetStoreAssets/RPGMonsterPartnersPBRPolyart/Prefabs/ChestMonsterPBR.prefab using Guid(003b064097ba1bd4fa565d0210db6d9d) Importer(815301076,1909f56bfc062723c751e8b465ee728b)  -> (artifact id: 'af4c1ddef302e27c78266925bccb01b0') in 0.099220 seconds 
========================================================================
Received Import Request.
  Time since last request: 6.344545 seconds.
  path: Assets/AssetStoreAssets/RPGMonsterPartnersPBRPolyart/Prefabs/ChestMonsterPBR.prefab
  artifactKey: Guid(003b064097ba1bd4fa565d0210db6d9d) Importer(815301076,1909f56bfc062723c751e8b465ee728b)
Start importing Assets/AssetStoreAssets/RPGMonsterPartnersPBRPolyart/Prefabs/ChestMonsterPBR.prefab using Guid(003b064097ba1bd4fa565d0210db6d9d) Importer(815301076,1909f56bfc062723c751e8b465ee728b)  -> (artifact id: '70e2851e90103cdadd5ddde2d0c7d3db') in 0.072973 seconds 
========================================================================
Received Import Request.
  Time since last request: 4.333024 seconds.
  path: Assets/AssetStoreAssets/RPGMonsterPartnersPBRPolyart/Prefabs/ChestMonsterPBR.prefab
  artifactKey: Guid(003b064097ba1bd4fa565d0210db6d9d) Importer(815301076,1909f56bfc062723c751e8b465ee728b)
Start importing Assets/AssetStoreAssets/RPGMonsterPartnersPBRPolyart/Prefabs/ChestMonsterPBR.prefab using Guid(003b064097ba1bd4fa565d0210db6d9d) Importer(815301076,1909f56bfc062723c751e8b465ee728b)  -> (artifact id: 'feeba43a75b7beb3d47fcd9fc35f5334') in 0.026864 seconds 
========================================================================
Received Import Request.
  Time since last request: 0.914414 seconds.
  path: Assets/AssetStoreAssets/RPGMonsterPartnersPBRPolyart/Prefabs/LowerEyelid.prefab
  artifactKey: Guid(00755b8256c00584eb40443162c1eada) Importer(815301076,1909f56bfc062723c751e8b465ee728b)
Start importing Assets/AssetStoreAssets/RPGMonsterPartnersPBRPolyart/Prefabs/LowerEyelid.prefab using Guid(00755b8256c00584eb40443162c1eada) Importer(815301076,1909f56bfc062723c751e8b465ee728b)  -> (artifact id: '965b9d20d4b10fae1377e54ae435b66c') in 0.005611 seconds 
========================================================================
Received Import Request.
  Time since last request: 0.141076 seconds.
  path: Assets/AssetStoreAssets/RPGMonsterPartnersPBRPolyart/Prefabs/ChestMonsterPBR.prefab
  artifactKey: Guid(003b064097ba1bd4fa565d0210db6d9d) Importer(815301076,1909f56bfc062723c751e8b465ee728b)
Start importing Assets/AssetStoreAssets/RPGMonsterPartnersPBRPolyart/Prefabs/ChestMonsterPBR.prefab using Guid(003b064097ba1bd4fa565d0210db6d9d) Importer(815301076,1909f56bfc062723c751e8b465ee728b)  -> (artifact id: '73527d787966c5c94383206e185bac74') in 0.418564 seconds 
========================================================================
Received Import Request.
  Time since last request: 11.440144 seconds.
  path: Assets/AssetStoreAssets/RPGMonsterPartnersPBRPolyart/Prefabs/ChestMonsterPBR.prefab
  artifactKey: Guid(003b064097ba1bd4fa565d0210db6d9d) Importer(815301076,1909f56bfc062723c751e8b465ee728b)
Start importing Assets/AssetStoreAssets/RPGMonsterPartnersPBRPolyart/Prefabs/ChestMonsterPBR.prefab using Guid(003b064097ba1bd4fa565d0210db6d9d) Importer(815301076,1909f56bfc062723c751e8b465ee728b)  -> (artifact id: '3938f570e8d557379ac9b4edd1767973') in 0.032467 seconds 
========================================================================
Received Import Request.
  Time since last request: 15.079600 seconds.
  path: Assets/AssetStoreAssets/RPGMonsterPartnersPBRPolyart/Prefabs/EyeBallCTRL.prefab
  artifactKey: Guid(b4441ac8f9bce844a898dc87a9556a4e) Importer(815301076,1909f56bfc062723c751e8b465ee728b)
Start importing Assets/AssetStoreAssets/RPGMonsterPartnersPBRPolyart/Prefabs/EyeBallCTRL.prefab using Guid(b4441ac8f9bce844a898dc87a9556a4e) Importer(815301076,1909f56bfc062723c751e8b465ee728b)  -> (artifact id: 'f37f2ece20dd566928b6d50058284f24') in 0.005198 seconds 
========================================================================
Received Import Request.
  Time since last request: 0.469968 seconds.
  path: Assets/AssetStoreAssets/RPGMonsterPartnersPBRPolyart/Prefabs/ChestMonsterPBR.prefab
  artifactKey: Guid(003b064097ba1bd4fa565d0210db6d9d) Importer(815301076,1909f56bfc062723c751e8b465ee728b)
Start importing Assets/AssetStoreAssets/RPGMonsterPartnersPBRPolyart/Prefabs/ChestMonsterPBR.prefab using Guid(003b064097ba1bd4fa565d0210db6d9d) Importer(815301076,1909f56bfc062723c751e8b465ee728b)  -> (artifact id: '9d5789b76cca9ed30ae1e93fb6e57b0f') in 0.027456 seconds 
========================================================================
Received Import Request.
  Time since last request: 13.345713 seconds.
  path: Assets/AssetStoreAssets/RPGMonsterPartnersPBRPolyart/Prefabs/ChestMonsterPBR.prefab
  artifactKey: Guid(003b064097ba1bd4fa565d0210db6d9d) Importer(815301076,1909f56bfc062723c751e8b465ee728b)
Start importing Assets/AssetStoreAssets/RPGMonsterPartnersPBRPolyart/Prefabs/ChestMonsterPBR.prefab using Guid(003b064097ba1bd4fa565d0210db6d9d) Importer(815301076,1909f56bfc062723c751e8b465ee728b)  -> (artifact id: '1e48494e7919049b015e899f208be125') in 0.031774 seconds 
========================================================================
Received Import Request.
  Time since last request: 1.979468 seconds.
  path: Assets/AssetStoreAssets/RPGMonsterPartnersPBRPolyart/Prefabs/ChestMonsterPBR.prefab
  artifactKey: Guid(003b064097ba1bd4fa565d0210db6d9d) Importer(815301076,1909f56bfc062723c751e8b465ee728b)
Start importing Assets/AssetStoreAssets/RPGMonsterPartnersPBRPolyart/Prefabs/ChestMonsterPBR.prefab using Guid(003b064097ba1bd4fa565d0210db6d9d) Importer(815301076,1909f56bfc062723c751e8b465ee728b)  -> (artifact id: 'e415e2c9fe9311cfe2e8a3c49ed41110') in 0.026916 seconds 
========================================================================
Received Import Request.
  Time since last request: 9.856106 seconds.
  path: Assets/AssetStoreAssets/RPGMonsterPartnersPBRPolyart/Prefabs/ChestMonsterPBR.prefab
  artifactKey: Guid(003b064097ba1bd4fa565d0210db6d9d) Importer(815301076,1909f56bfc062723c751e8b465ee728b)
Start importing Assets/AssetStoreAssets/RPGMonsterPartnersPBRPolyart/Prefabs/ChestMonsterPBR.prefab using Guid(003b064097ba1bd4fa565d0210db6d9d) Importer(815301076,1909f56bfc062723c751e8b465ee728b)  -> (artifact id: '05f8a804103f4921985c7bfccffd5091') in 0.027039 seconds 
========================================================================
Received Import Request.
  Time since last request: 0.385163 seconds.
  path: Assets/AssetStoreAssets/RPGMonsterPartnersPBRPolyart/Prefabs/RearLeftLeg02.prefab
  artifactKey: Guid(e32b5a63d3b8c064db504981744137ca) Importer(815301076,1909f56bfc062723c751e8b465ee728b)
Start importing Assets/AssetStoreAssets/RPGMonsterPartnersPBRPolyart/Prefabs/RearLeftLeg02.prefab using Guid(e32b5a63d3b8c064db504981744137ca) Importer(815301076,1909f56bfc062723c751e8b465ee728b)  -> (artifact id: 'deff98653f0f384f41a4e0c0ddcd5048') in 0.005830 seconds 
========================================================================
Received Import Request.
  Time since last request: 0.210515 seconds.
  path: Assets/AssetStoreAssets/RPGMonsterPartnersPBRPolyart/Prefabs/ChestMonsterPBR.prefab
  artifactKey: Guid(003b064097ba1bd4fa565d0210db6d9d) Importer(815301076,1909f56bfc062723c751e8b465ee728b)
Start importing Assets/AssetStoreAssets/RPGMonsterPartnersPBRPolyart/Prefabs/ChestMonsterPBR.prefab using Guid(003b064097ba1bd4fa565d0210db6d9d) Importer(815301076,1909f56bfc062723c751e8b465ee728b)  -> (artifact id: '6de19e377b6d6654a1ae97cc4154a235') in 0.036216 seconds 
========================================================================
Received Import Request.
  Time since last request: 6.271108 seconds.
  path: Assets/AssetStoreAssets/RPGMonsterPartnersPBRPolyart/Prefabs/ChestMonsterPBR.prefab
  artifactKey: Guid(003b064097ba1bd4fa565d0210db6d9d) Importer(815301076,1909f56bfc062723c751e8b465ee728b)
Start importing Assets/AssetStoreAssets/RPGMonsterPartnersPBRPolyart/Prefabs/ChestMonsterPBR.prefab using Guid(003b064097ba1bd4fa565d0210db6d9d) Importer(815301076,1909f56bfc062723c751e8b465ee728b)  -> (artifact id: '42d5520bb8b34cd783c73f7c4ff6dd19') in 0.044315 seconds 
========================================================================
Received Import Request.
  Time since last request: 4.805628 seconds.
  path: Assets/AssetStoreAssets/RPGMonsterPartnersPBRPolyart/Prefabs/ChestMonsterPBR.prefab
  artifactKey: Guid(003b064097ba1bd4fa565d0210db6d9d) Importer(815301076,1909f56bfc062723c751e8b465ee728b)
Start importing Assets/AssetStoreAssets/RPGMonsterPartnersPBRPolyart/Prefabs/ChestMonsterPBR.prefab using Guid(003b064097ba1bd4fa565d0210db6d9d) Importer(815301076,1909f56bfc062723c751e8b465ee728b)  -> (artifact id: 'e55992c67d3c99e7fea246aa9ed90bf7') in 0.030321 seconds 
========================================================================
Received Import Request.
  Time since last request: 2.815946 seconds.
  path: Assets/AssetStoreAssets/RPGMonsterPartnersPBRPolyart/Prefabs/Head.prefab
  artifactKey: Guid(66926b307405b3249bf67847e07d198d) Importer(815301076,1909f56bfc062723c751e8b465ee728b)
Start importing Assets/AssetStoreAssets/RPGMonsterPartnersPBRPolyart/Prefabs/Head.prefab using Guid(66926b307405b3249bf67847e07d198d) Importer(815301076,1909f56bfc062723c751e8b465ee728b)  -> (artifact id: '2c15cadead3170e24d29858ab7658c0b') in 0.005585 seconds 
========================================================================
Received Import Request.
  Time since last request: 0.184884 seconds.
  path: Assets/AssetStoreAssets/RPGMonsterPartnersPBRPolyart/Prefabs/ChestMonsterPBR.prefab
  artifactKey: Guid(003b064097ba1bd4fa565d0210db6d9d) Importer(815301076,1909f56bfc062723c751e8b465ee728b)
Start importing Assets/AssetStoreAssets/RPGMonsterPartnersPBRPolyart/Prefabs/ChestMonsterPBR.prefab using Guid(003b064097ba1bd4fa565d0210db6d9d) Importer(815301076,1909f56bfc062723c751e8b465ee728b)  -> (artifact id: '41b04cb98aff415c5209a8b7734d4e3a') in 0.027477 seconds 
========================================================================
Received Import Request.
  Time since last request: 14.120413 seconds.
  path: Assets/AssetStoreAssets/RPGMonsterPartnersPBRPolyart/Animators
  artifactKey: Guid(b74f6c56ab607dd48a651a194102ea38) Importer(815301076,1909f56bfc062723c751e8b465ee728b)
Start importing Assets/AssetStoreAssets/RPGMonsterPartnersPBRPolyart/Animators using Guid(b74f6c56ab607dd48a651a194102ea38) Importer(815301076,1909f56bfc062723c751e8b465ee728b)  -> (artifact id: '27c03f7975be08f4fe19436c01962a9a') in 0.002896 seconds 
========================================================================
Received Import Request.
  Time since last request: 43.455762 seconds.
  path: Assets/RPGMonsterPartnersPBRPolyart
  artifactKey: Guid(e23d87db17e4af34f86efe95656fd1b4) Importer(815301076,1909f56bfc062723c751e8b465ee728b)
Start importing Assets/RPGMonsterPartnersPBRPolyart using Guid(e23d87db17e4af34f86efe95656fd1b4) Importer(815301076,1909f56bfc062723c751e8b465ee728b)  -> (artifact id: 'b1f9ddac3051e1270a7c89faed2c3132') in 0.002035 seconds 
========================================================================
Received Import Request.
  Time since last request: 30.261889 seconds.
  path: Assets/RPGMonsterPartnersPBRPolyart/Prefabs/ChestMonsterPBR.prefab
  artifactKey: Guid(003b064097ba1bd4fa565d0210db6d9d) Importer(815301076,1909f56bfc062723c751e8b465ee728b)
Start importing Assets/RPGMonsterPartnersPBRPolyart/Prefabs/ChestMonsterPBR.prefab using Guid(003b064097ba1bd4fa565d0210db6d9d) Importer(815301076,1909f56bfc062723c751e8b465ee728b)  -> (artifact id: '43f3d769dcae3632f5eaa3c59061bf4d') in 0.035095 seconds 
========================================================================
Received Import Request.
  Time since last request: 2.070586 seconds.
  path: Assets/RPGMonsterPartnersPBRPolyart/Prefabs/Head.prefab
  artifactKey: Guid(c6ff9d8a522653447a42148b597cb1b7) Importer(815301076,1909f56bfc062723c751e8b465ee728b)
Start importing Assets/RPGMonsterPartnersPBRPolyart/Prefabs/Head.prefab using Guid(c6ff9d8a522653447a42148b597cb1b7) Importer(815301076,1909f56bfc062723c751e8b465ee728b)  -> (artifact id: '79040b45c3949e9beb3de9862bb9cd89') in 0.005391 seconds 
========================================================================
Received Import Request.
  Time since last request: 0.004762 seconds.
  path: Assets/RPGMonsterPartnersPBRPolyart/Prefabs/ChestMonsterPBR.prefab
  artifactKey: Guid(003b064097ba1bd4fa565d0210db6d9d) Importer(815301076,1909f56bfc062723c751e8b465ee728b)
Start importing Assets/RPGMonsterPartnersPBRPolyart/Prefabs/ChestMonsterPBR.prefab using Guid(003b064097ba1bd4fa565d0210db6d9d) Importer(815301076,1909f56bfc062723c751e8b465ee728b)  -> (artifact id: 'c53bd2bbee40f762a63a51238dbdcf9c') in 0.030809 seconds 
========================================================================
Received Import Request.
  Time since last request: 14.018351 seconds.
  path: Assets/RPGMonsterPartnersPBRPolyart/Prefabs/ChestMonsterPBR.prefab
  artifactKey: Guid(003b064097ba1bd4fa565d0210db6d9d) Importer(815301076,1909f56bfc062723c751e8b465ee728b)
Start importing Assets/RPGMonsterPartnersPBRPolyart/Prefabs/ChestMonsterPBR.prefab using Guid(003b064097ba1bd4fa565d0210db6d9d) Importer(815301076,1909f56bfc062723c751e8b465ee728b)  -> (artifact id: 'f58df92301d672ea182706fe442b1330') in 0.039203 seconds 
========================================================================
Received Import Request.
  Time since last request: 8.899984 seconds.
  path: Assets/RPGMonsterPartnersPBRPolyart/Prefabs/ChestMonsterPBR.prefab
  artifactKey: Guid(003b064097ba1bd4fa565d0210db6d9d) Importer(815301076,1909f56bfc062723c751e8b465ee728b)
Start importing Assets/RPGMonsterPartnersPBRPolyart/Prefabs/ChestMonsterPBR.prefab using Guid(003b064097ba1bd4fa565d0210db6d9d) Importer(815301076,1909f56bfc062723c751e8b465ee728b)  -> (artifact id: '10b804a4b9f92bfa015e5b680a74ba39') in 0.028126 seconds 
========================================================================
Received Import Request.
  Time since last request: 209.983789 seconds.
  path: Assets/RPGMonsterPartnersPBRPolyart/Prefabs/ChestMonsterPBR.prefab
  artifactKey: Guid(003b064097ba1bd4fa565d0210db6d9d) Importer(815301076,1909f56bfc062723c751e8b465ee728b)
Start importing Assets/RPGMonsterPartnersPBRPolyart/Prefabs/ChestMonsterPBR.prefab using Guid(003b064097ba1bd4fa565d0210db6d9d) Importer(815301076,1909f56bfc062723c751e8b465ee728b)  -> (artifact id: '1deac54766927ff698b07004416a943e') in 0.036906 seconds 
========================================================================
Received Import Request.
  Time since last request: 19.744003 seconds.
  path: Assets/RPGMonsterPartnersPBRPolyart/Prefabs/ChestMonsterPBR.prefab
  artifactKey: Guid(003b064097ba1bd4fa565d0210db6d9d) Importer(815301076,1909f56bfc062723c751e8b465ee728b)
Start importing Assets/RPGMonsterPartnersPBRPolyart/Prefabs/ChestMonsterPBR.prefab using Guid(003b064097ba1bd4fa565d0210db6d9d) Importer(815301076,1909f56bfc062723c751e8b465ee728b)  -> (artifact id: '416d644d0bee76a2475f9de5a6ea20d8') in 0.034911 seconds 
========================================================================
Received Import Request.
  Time since last request: 2.993236 seconds.
  path: Assets/RPGMonsterPartnersPBRPolyart/Prefabs/ChestMonsterPBR.prefab
  artifactKey: Guid(003b064097ba1bd4fa565d0210db6d9d) Importer(815301076,1909f56bfc062723c751e8b465ee728b)
Start importing Assets/RPGMonsterPartnersPBRPolyart/Prefabs/ChestMonsterPBR.prefab using Guid(003b064097ba1bd4fa565d0210db6d9d) Importer(815301076,1909f56bfc062723c751e8b465ee728b)  -> (artifact id: '23a2eb9a2e65f344306c62a0fe4059b4') in 0.030866 seconds 
========================================================================
Received Import Request.
  Time since last request: 5.403656 seconds.
  path: Assets/RPGMonsterPartnersPBRPolyart/Prefabs/ChestMonsterPBR.prefab
  artifactKey: Guid(003b064097ba1bd4fa565d0210db6d9d) Importer(815301076,1909f56bfc062723c751e8b465ee728b)
Start importing Assets/RPGMonsterPartnersPBRPolyart/Prefabs/ChestMonsterPBR.prefab using Guid(003b064097ba1bd4fa565d0210db6d9d) Importer(815301076,1909f56bfc062723c751e8b465ee728b)  -> (artifact id: 'cc30cf573386511d2e574b371a1c126f') in 0.044496 seconds 
========================================================================
Received Import Request.
  Time since last request: 0.548088 seconds.
  path: Assets/RPGMonsterPartnersPBRPolyart/Prefabs/ChestMonsterPBR.prefab
  artifactKey: Guid(003b064097ba1bd4fa565d0210db6d9d) Importer(815301076,1909f56bfc062723c751e8b465ee728b)
Start importing Assets/RPGMonsterPartnersPBRPolyart/Prefabs/ChestMonsterPBR.prefab using Guid(003b064097ba1bd4fa565d0210db6d9d) Importer(815301076,1909f56bfc062723c751e8b465ee728b)  -> (artifact id: 'a3c2c75b72907388cec1e8177024f571') in 0.039290 seconds 
========================================================================
Received Import Request.
  Time since last request: 6.220649 seconds.
  path: Assets/RPGMonsterPartnersPBRPolyart/Prefabs/ChestMonsterPBR.prefab
  artifactKey: Guid(003b064097ba1bd4fa565d0210db6d9d) Importer(815301076,1909f56bfc062723c751e8b465ee728b)
Start importing Assets/RPGMonsterPartnersPBRPolyart/Prefabs/ChestMonsterPBR.prefab using Guid(003b064097ba1bd4fa565d0210db6d9d) Importer(815301076,1909f56bfc062723c751e8b465ee728b)  -> (artifact id: '2c89386af5fd1aa1e38fc48ca23a77dc') in 0.036580 seconds 
========================================================================
Received Import Request.
  Time since last request: 2.575188 seconds.
  path: Assets/RPGMonsterPartnersPBRPolyart/Prefabs/ChestMonsterPBR.prefab
  artifactKey: Guid(003b064097ba1bd4fa565d0210db6d9d) Importer(815301076,1909f56bfc062723c751e8b465ee728b)
Start importing Assets/RPGMonsterPartnersPBRPolyart/Prefabs/ChestMonsterPBR.prefab using Guid(003b064097ba1bd4fa565d0210db6d9d) Importer(815301076,1909f56bfc062723c751e8b465ee728b)  -> (artifact id: '4eed5d7738e7303384a53008279f6405') in 0.027248 seconds 
========================================================================
Received Import Request.
  Time since last request: 0.567010 seconds.
  path: Assets/RPGMonsterPartnersPBRPolyart/Prefabs/ChestMonsterPBR.prefab
  artifactKey: Guid(003b064097ba1bd4fa565d0210db6d9d) Importer(815301076,1909f56bfc062723c751e8b465ee728b)
Start importing Assets/RPGMonsterPartnersPBRPolyart/Prefabs/ChestMonsterPBR.prefab using Guid(003b064097ba1bd4fa565d0210db6d9d) Importer(815301076,1909f56bfc062723c751e8b465ee728b)  -> (artifact id: '3b1442665c29b7f9a298c646bae68450') in 0.032066 seconds 
========================================================================
Received Import Request.
  Time since last request: 4.412199 seconds.
  path: Assets/RPGMonsterPartnersPBRPolyart/Prefabs/ChestMonsterPBR.prefab
  artifactKey: Guid(003b064097ba1bd4fa565d0210db6d9d) Importer(815301076,1909f56bfc062723c751e8b465ee728b)
Start importing Assets/RPGMonsterPartnersPBRPolyart/Prefabs/ChestMonsterPBR.prefab using Guid(003b064097ba1bd4fa565d0210db6d9d) Importer(815301076,1909f56bfc062723c751e8b465ee728b)  -> (artifact id: '8da09c0f58bd1cf0e64e77317a2f06fc') in 0.028707 seconds 
========================================================================
Received Import Request.
  Time since last request: 28.189169 seconds.
  path: Assets/RPGMonsterPartnersPBRPolyart/Prefabs/EyeCTRL.prefab
  artifactKey: Guid(41b14c5fada9085408094966a41c3009) Importer(815301076,1909f56bfc062723c751e8b465ee728b)
Start importing Assets/RPGMonsterPartnersPBRPolyart/Prefabs/EyeCTRL.prefab using Guid(41b14c5fada9085408094966a41c3009) Importer(815301076,1909f56bfc062723c751e8b465ee728b)  -> (artifact id: '81ed90622116419994df452c169cdd71') in 0.005660 seconds 
========================================================================
Received Import Request.
  Time since last request: 0.183269 seconds.
  path: Assets/RPGMonsterPartnersPBRPolyart/Prefabs/ChestMonsterPBR.prefab
  artifactKey: Guid(003b064097ba1bd4fa565d0210db6d9d) Importer(815301076,1909f56bfc062723c751e8b465ee728b)
Start importing Assets/RPGMonsterPartnersPBRPolyart/Prefabs/ChestMonsterPBR.prefab using Guid(003b064097ba1bd4fa565d0210db6d9d) Importer(815301076,1909f56bfc062723c751e8b465ee728b)  -> (artifact id: 'ecb89a25620d1acff86bcecf50707bc8') in 0.037418 seconds 
========================================================================
Received Import Request.
  Time since last request: 6.347224 seconds.
  path: Assets/RPGMonsterPartnersPBRPolyart/Prefabs/ChestMonsterPBR.prefab
  artifactKey: Guid(003b064097ba1bd4fa565d0210db6d9d) Importer(815301076,1909f56bfc062723c751e8b465ee728b)
Start importing Assets/RPGMonsterPartnersPBRPolyart/Prefabs/ChestMonsterPBR.prefab using Guid(003b064097ba1bd4fa565d0210db6d9d) Importer(815301076,1909f56bfc062723c751e8b465ee728b)  -> (artifact id: '29f07ab921f7a3f452165bb02f423cae') in 0.039020 seconds 
========================================================================
Received Import Request.
  Time since last request: 113.344333 seconds.
  path: Assets/Materials/Black.mat
  artifactKey: Guid(3b59657680ecf6b4bb282844721c8a77) Importer(815301076,1909f56bfc062723c751e8b465ee728b)
Start importing Assets/Materials/Black.mat using Guid(3b59657680ecf6b4bb282844721c8a77) Importer(815301076,1909f56bfc062723c751e8b465ee728b)  -> (artifact id: '61d63683422be98043dcbac852c32ae6') in 0.032985 seconds 
========================================================================
Received Import Request.
  Time since last request: 38.915450 seconds.
  path: Assets/Materials/Black.mat
  artifactKey: Guid(3b59657680ecf6b4bb282844721c8a77) Importer(815301076,1909f56bfc062723c751e8b465ee728b)
Start importing Assets/Materials/Black.mat using Guid(3b59657680ecf6b4bb282844721c8a77) Importer(815301076,1909f56bfc062723c751e8b465ee728b)  -> (artifact id: '52203a949dee97020ee31b5e80c0b88b') in 0.025037 seconds 
========================================================================
Received Import Request.
  Time since last request: 98.163644 seconds.
  path: Assets/Prefabs/Hamburger.prefab
  artifactKey: Guid(155d1f87359434e489c7631b45515960) Importer(815301076,1909f56bfc062723c751e8b465ee728b)
Start importing Assets/Prefabs/Hamburger.prefab using Guid(155d1f87359434e489c7631b45515960) Importer(815301076,1909f56bfc062723c751e8b465ee728b)  -> (artifact id: '72b511cf4c0eecc92fea4221821ee0f3') in 0.011642 seconds 
========================================================================
Received Import Request.
  Time since last request: 9.536896 seconds.
  path: Assets/Prefabs/Hamburger.prefab
  artifactKey: Guid(155d1f87359434e489c7631b45515960) Importer(815301076,1909f56bfc062723c751e8b465ee728b)
Start importing Assets/Prefabs/Hamburger.prefab using Guid(155d1f87359434e489c7631b45515960) Importer(815301076,1909f56bfc062723c751e8b465ee728b)  -> (artifact id: 'e3243e1e68909ac6a7cc45682cdd2a27') in 0.361130 seconds 
========================================================================
Received Import Request.
  Time since last request: 361.197930 seconds.
  path: Assets/Prefabs/Hamburger.prefab
  artifactKey: Guid(155d1f87359434e489c7631b45515960) Importer(815301076,1909f56bfc062723c751e8b465ee728b)
Start importing Assets/Prefabs/Hamburger.prefab using Guid(155d1f87359434e489c7631b45515960) Importer(815301076,1909f56bfc062723c751e8b465ee728b)  -> (artifact id: 'cc7652e04882d582e72f49c746b786e0') in 0.014239 seconds 
========================================================================
Received Import Request.
  Time since last request: 88.318749 seconds.
  path: Assets/Scripts/Banana.asset
  artifactKey: Guid(d3a8fc0514528b842a341275b7a8b09c) Importer(815301076,1909f56bfc062723c751e8b465ee728b)
Start importing Assets/Scripts/Banana.asset using Guid(d3a8fc0514528b842a341275b7a8b09c) Importer(815301076,1909f56bfc062723c751e8b465ee728b)  -> (artifact id: 'daab0686d8c9f1966f4cf8be446b9c19') in 0.005466 seconds 
========================================================================
Received Import Request.
  Time since last request: 0.000016 seconds.
  path: Assets/Scripts/WaterMelon.asset
  artifactKey: Guid(55e8944c1fbb0f04ca0bbf97d1ac60c4) Importer(815301076,1909f56bfc062723c751e8b465ee728b)
Start importing Assets/Scripts/WaterMelon.asset using Guid(55e8944c1fbb0f04ca0bbf97d1ac60c4) Importer(815301076,1909f56bfc062723c751e8b465ee728b)  -> (artifact id: '0e381a260288760960b274f22f06f838') in 0.002861 seconds 
========================================================================
Received Prepare
Registering precompiled user dll's ...
Registered in 0.010579 seconds.
Begin MonoManager ReloadAssembly
Symbol file LoadedFromMemory doesn't match image C:\Users\eduar\Documents\GitHub\DV-Game-Jam\Library\PackageCache\com.unity.visualscripting@1.7.8\Editor\VisualScripting.Core\Dependencies\YamlDotNet\Unity.VisualScripting.YamlDotNet.dll
Symbol file LoadedFromMemory doesn't match image C:\Users\eduar\Documents\GitHub\DV-Game-Jam\Library\PackageCache\com.unity.visualscripting@1.7.8\Editor\VisualScripting.Core\Dependencies\DotNetZip\Unity.VisualScripting.IonicZip.dll
Native extension for WindowsStandalone target not found
Native extension for WebGL target not found
Refreshing native plugins compatible for Editor in 0.58 ms, found 3 plugins.
Preloading 0 native plugins for Editor in 0.00 ms.
Mono: successfully reloaded assembly
- Completed reload, in  1.105 seconds
Domain Reload Profiling:
	ReloadAssembly (1105ms)
		BeginReloadAssembly (182ms)
			ExecutionOrderSort (0ms)
			DisableScriptedObjects (5ms)
			BackupInstance (0ms)
			ReleaseScriptingObjects (0ms)
			CreateAndSetChildDomain (40ms)
		EndReloadAssembly (832ms)
			LoadAssemblies (134ms)
			RebuildTransferFunctionScriptingTraits (0ms)
			SetupTypeCache (298ms)
			ReleaseScriptCaches (1ms)
			RebuildScriptCaches (44ms)
			SetupLoadedEditorAssemblies (347ms)
				LogAssemblyErrors (0ms)
				InitializePlatformSupportModulesInManaged (12ms)
				SetLoadedEditorAssemblies (0ms)
				RefreshPlugins (1ms)
				BeforeProcessingInitializeOnLoad (64ms)
				ProcessInitializeOnLoadAttributes (236ms)
				ProcessInitializeOnLoadMethodAttributes (29ms)
				AfterProcessingInitializeOnLoad (4ms)
				EditorAssembliesLoaded (0ms)
			ExecutionOrderSort2 (0ms)
			AwakeInstancesAfterBackupRestoration (14ms)
Platform modules already initialized, skipping
Refreshing native plugins compatible for Editor in 2.17 ms, found 3 plugins.
Preloading 0 native plugins for Editor in 0.00 ms.
Unloading 3419 Unused Serialized files (Serialized files now loaded: 0)
Unloading 18 unused Assets / (24.7 KB). Loaded Objects now: 3950.
Memory consumption went from 139.2 MB to 139.1 MB.
Total: 2.900500 ms (FindLiveObjects: 0.264300 ms CreateObjectMapping: 0.159100 ms MarkObjects: 2.445600 ms  DeleteObjects: 0.030800 ms)

AssetImportParameters requested are different than current active one (requested -> active):
  custom:video-decoder-ogg-theora: a1e56fd34408186e4bbccfd4996cb3dc -> 
  custom:container-muxer-webm: aa71ff27fc2769a1b78a27578f13a17b -> 
  custom:container-demuxer-webm: 4f35f7cbe854078d1ac9338744f61a02 -> 
  custom:video-encoder-webm-vp8: eb34c28f22e8b96e1ab97ce403110664 -> 
  custom:audio-encoder-webm-vorbis: bf7c407c2cedff20999df2af8eb42d56 -> 
  custom:framework-win-MediaFoundation: 216162199b28c13a410421893ffa2e32 -> 
  custom:container-demuxer-ogg: 62fdf1f143b41e24485cea50d1cbac27 -> 
  custom:video-decoder-webm-vp8: 9c59270c3fd7afecdb556c50c9e8de78 -> 
  custom:audio-decoder-ogg-vorbis: bf7c407c2cedff20999df2af8eb42d56 -> 
========================================================================
Received Prepare
Registering precompiled user dll's ...
Registered in 0.007917 seconds.
Begin MonoManager ReloadAssembly
Symbol file LoadedFromMemory doesn't match image C:\Users\eduar\Documents\GitHub\DV-Game-Jam\Library\PackageCache\com.unity.visualscripting@1.7.8\Editor\VisualScripting.Core\Dependencies\YamlDotNet\Unity.VisualScripting.YamlDotNet.dll
Symbol file LoadedFromMemory doesn't match image C:\Users\eduar\Documents\GitHub\DV-Game-Jam\Library\PackageCache\com.unity.visualscripting@1.7.8\Editor\VisualScripting.Core\Dependencies\DotNetZip\Unity.VisualScripting.IonicZip.dll
Native extension for WindowsStandalone target not found
Native extension for WebGL target not found
Refreshing native plugins compatible for Editor in 0.58 ms, found 3 plugins.
Preloading 0 native plugins for Editor in 0.00 ms.
Mono: successfully reloaded assembly
- Completed reload, in  0.985 seconds
Domain Reload Profiling:
	ReloadAssembly (985ms)
		BeginReloadAssembly (165ms)
			ExecutionOrderSort (0ms)
			DisableScriptedObjects (5ms)
			BackupInstance (0ms)
			ReleaseScriptingObjects (0ms)
			CreateAndSetChildDomain (42ms)
		EndReloadAssembly (730ms)
			LoadAssemblies (115ms)
			RebuildTransferFunctionScriptingTraits (0ms)
			SetupTypeCache (252ms)
			ReleaseScriptCaches (1ms)
			RebuildScriptCaches (39ms)
			SetupLoadedEditorAssemblies (309ms)
				LogAssemblyErrors (0ms)
				InitializePlatformSupportModulesInManaged (12ms)
				SetLoadedEditorAssemblies (0ms)
				RefreshPlugins (1ms)
				BeforeProcessingInitializeOnLoad (58ms)
				ProcessInitializeOnLoadAttributes (208ms)
				ProcessInitializeOnLoadMethodAttributes (26ms)
				AfterProcessingInitializeOnLoad (3ms)
				EditorAssembliesLoaded (0ms)
			ExecutionOrderSort2 (0ms)
			AwakeInstancesAfterBackupRestoration (10ms)
Platform modules already initialized, skipping
Refreshing native plugins compatible for Editor in 2.30 ms, found 3 plugins.
Preloading 0 native plugins for Editor in 0.00 ms.
Unloading 3420 Unused Serialized files (Serialized files now loaded: 0)
Unloading 18 unused Assets / (24.7 KB). Loaded Objects now: 3954.
Memory consumption went from 139.2 MB to 139.2 MB.
Total: 3.019500 ms (FindLiveObjects: 0.254000 ms CreateObjectMapping: 0.156100 ms MarkObjects: 2.582000 ms  DeleteObjects: 0.026400 ms)

AssetImportParameters requested are different than current active one (requested -> active):
  custom:video-decoder-ogg-theora: a1e56fd34408186e4bbccfd4996cb3dc -> 
  custom:container-muxer-webm: aa71ff27fc2769a1b78a27578f13a17b -> 
  custom:container-demuxer-webm: 4f35f7cbe854078d1ac9338744f61a02 -> 
  custom:video-encoder-webm-vp8: eb34c28f22e8b96e1ab97ce403110664 -> 
  custom:audio-encoder-webm-vorbis: bf7c407c2cedff20999df2af8eb42d56 -> 
  custom:framework-win-MediaFoundation: 216162199b28c13a410421893ffa2e32 -> 
  custom:container-demuxer-ogg: 62fdf1f143b41e24485cea50d1cbac27 -> 
  custom:video-decoder-webm-vp8: 9c59270c3fd7afecdb556c50c9e8de78 -> 
  custom:audio-decoder-ogg-vorbis: bf7c407c2cedff20999df2af8eb42d56 -> 
========================================================================
Received Import Request.
  Time since last request: 815.840856 seconds.
  path: ProjectSettings/TagManager.asset
  artifactKey: Guid(00000000000000003000000000000000) Importer(815301076,1909f56bfc062723c751e8b465ee728b)
Start importing ProjectSettings/TagManager.asset using Guid(00000000000000003000000000000000) Importer(815301076,1909f56bfc062723c751e8b465ee728b)  -> (artifact id: '32bc72a5550bb63e07b677a63e9f2650') in 0.019677 seconds 
